\BOOKMARK [0][-]{chapter.1}{\376\377\0001\000\040\004\041\004\077\004\070\004\101\004\076\004\072\000\040\004\104\004\060\004\071\004\073\004\076\004\062}{}% 1
\BOOKMARK [1][-]{section.1.1}{\376\377\0001\000.\0001\000\040\004\044\004\060\004\071\004\073\004\113}{chapter.1}% 2
\BOOKMARK [0][-]{chapter.2}{\376\377\0002\000\040\004\044\004\060\004\071\004\073\004\113}{}% 3
\BOOKMARK [1][-]{section.2.1}{\376\377\0002\000.\0001\000\040\004\044\004\060\004\071\004\073\000\040\000r\000f\000m\0006\0009\000.\000c}{chapter.2}% 4
\BOOKMARK [2][-]{subsection.2.1.1}{\376\377\0002\000.\0001\000.\0001\000\040\004\044\004\103\004\075\004\072\004\106\004\070\004\070}{section.2.1}% 5
\BOOKMARK [3][-]{subsubsection.2.1.1.1}{\376\377\0002\000.\0001\000.\0001\000.\0001\000\040\000E\000X\000T\000I\0000\000\137\000I\000R\000Q\000H\000a\000n\000d\000l\000e\000r}{subsection.2.1.1}% 6
\BOOKMARK [3][-]{subsubsection.2.1.1.2}{\376\377\0002\000.\0001\000.\0001\000.\0002\000\040\000E\000X\000T\000I\0001\000\137\000I\000R\000Q\000H\000a\000n\000d\000l\000e\000r}{subsection.2.1.1}% 7
\BOOKMARK [3][-]{subsubsection.2.1.1.3}{\376\377\0002\000.\0001\000.\0001\000.\0003\000\040\000E\000X\000T\000I\0002\000\137\000I\000R\000Q\000H\000a\000n\000d\000l\000e\000r}{subsection.2.1.1}% 8
\BOOKMARK [3][-]{subsubsection.2.1.1.4}{\376\377\0002\000.\0001\000.\0001\000.\0004\000\040\000r\000f\000m\0006\0009\000\137\000c\000l\000e\000a\000r\000\137\000f\000i\000f\000o}{subsection.2.1.1}% 9
\BOOKMARK [3][-]{subsubsection.2.1.1.5}{\376\377\0002\000.\0001\000.\0001\000.\0005\000\040\000r\000f\000m\0006\0009\000\137\000i\000n\000i\000t}{subsection.2.1.1}% 10
\BOOKMARK [3][-]{subsubsection.2.1.1.6}{\376\377\0002\000.\0001\000.\0001\000.\0006\000\040\000r\000f\000m\0006\0009\000\137\000m\000c\000u\000\137\000i\000n\000i\000t}{subsection.2.1.1}% 11
\BOOKMARK [3][-]{subsubsection.2.1.1.7}{\376\377\0002\000.\0001\000.\0001\000.\0007\000\040\000r\000f\000m\0006\0009\000\137\000r\000e\000a\000d}{subsection.2.1.1}% 12
\BOOKMARK [3][-]{subsubsection.2.1.1.8}{\376\377\0002\000.\0001\000.\0001\000.\0008\000\040\000r\000f\000m\0006\0009\000\137\000r\000e\000a\000d\000\137\000b\000u\000r\000s\000t}{subsection.2.1.1}% 13
\BOOKMARK [3][-]{subsubsection.2.1.1.9}{\376\377\0002\000.\0001\000.\0001\000.\0009\000\040\000r\000f\000m\0006\0009\000\137\000r\000e\000c\000e\000i\000v\000e\000\137\000s\000m\000a\000l\000l\000\137\000p\000a\000c\000k\000e\000t}{subsection.2.1.1}% 14
\BOOKMARK [3][-]{subsubsection.2.1.1.10}{\376\377\0002\000.\0001\000.\0001\000.\0001\0000\000\040\000r\000f\000m\0006\0009\000\137\000r\000e\000c\000e\000i\000v\000e\000\137\000s\000t\000a\000r\000t}{subsection.2.1.1}% 15
\BOOKMARK [3][-]{subsubsection.2.1.1.11}{\376\377\0002\000.\0001\000.\0001\000.\0001\0001\000\040\000r\000f\000m\0006\0009\000\137\000s\000l\000e\000e\000p}{subsection.2.1.1}% 16
\BOOKMARK [3][-]{subsubsection.2.1.1.12}{\376\377\0002\000.\0001\000.\0001\000.\0001\0002\000\040\000r\000f\000m\0006\0009\000\137\000s\000t\000b\000y}{subsection.2.1.1}% 17
\BOOKMARK [3][-]{subsubsection.2.1.1.13}{\376\377\0002\000.\0001\000.\0001\000.\0001\0003\000\040\000r\000f\000m\0006\0009\000\137\000t\000r\000a\000n\000s\000m\000i\000t\000\137\000s\000t\000a\000r\000t}{subsection.2.1.1}% 18
\BOOKMARK [3][-]{subsubsection.2.1.1.14}{\376\377\0002\000.\0001\000.\0001\000.\0001\0004\000\040\000r\000f\000m\0006\0009\000\137\000w\000r\000i\000t\000e}{subsection.2.1.1}% 19
\BOOKMARK [3][-]{subsubsection.2.1.1.15}{\376\377\0002\000.\0001\000.\0001\000.\0001\0005\000\040\000r\000f\000m\0006\0009\000\137\000w\000r\000i\000t\000e\000\137\000b\000u\000r\000s\000t}{subsection.2.1.1}% 20
\BOOKMARK [3][-]{subsubsection.2.1.1.16}{\376\377\0002\000.\0001\000.\0001\000.\0001\0006\000\040\000T\000I\000M\0002\000\137\000I\000R\000Q\000H\000a\000n\000d\000l\000e\000r}{subsection.2.1.1}% 21
\BOOKMARK [2][-]{subsection.2.1.2}{\376\377\0002\000.\0001\000.\0002\000\040\004\037\004\065\004\100\004\065\004\074\004\065\004\075\004\075\004\113\004\065}{section.2.1}% 22
\BOOKMARK [3][-]{subsubsection.2.1.2.1}{\376\377\0002\000.\0001\000.\0002\000.\0001\000\040\000i\000n\000t\000e\000r\000n\000a\000l\000\137\000p\000a\000c\000k\000\137\000s\000i\000z\000e}{subsection.2.1.2}% 23
\BOOKMARK [3][-]{subsubsection.2.1.2.2}{\376\377\0002\000.\0001\000.\0002\000.\0002\000\040\000i\000n\000t\000e\000r\000n\000a\000l\000\137\000p\000a\000c\000k\000e\000t\000\137\000b\000u\000f\000f\000e\000r}{subsection.2.1.2}% 24
\BOOKMARK [3][-]{subsubsection.2.1.2.3}{\376\377\0002\000.\0001\000.\0002\000.\0003\000\040\000p\000a\000c\000k\000e\000t\000\137\000b\000u\000f\000f\000e\000r}{subsection.2.1.2}% 25
\BOOKMARK [3][-]{subsubsection.2.1.2.4}{\376\377\0002\000.\0001\000.\0002\000.\0004\000\040\000p\000a\000c\000k\000e\000t\000\137\000s\000i\000z\000e}{subsection.2.1.2}% 26
\BOOKMARK [3][-]{subsubsection.2.1.2.5}{\376\377\0002\000.\0001\000.\0002\000.\0005\000\040\000r\000f\000m\0006\0009\000\137\000c\000o\000n\000d\000i\000t\000i\000o\000n}{subsection.2.1.2}% 27
\BOOKMARK [1][-]{section.2.2}{\376\377\0002\000.\0002\000\040\004\044\004\060\004\071\004\073\000\040\000r\000f\000m\0006\0009\000.\000h}{chapter.2}% 28
\BOOKMARK [2][-]{subsection.2.2.1}{\376\377\0002\000.\0002\000.\0001\000\040\004\034\004\060\004\072\004\100\004\076\004\101\004\113}{section.2.2}% 29
\BOOKMARK [3][-]{subsubsection.2.2.1.1}{\376\377\0002\000.\0002\000.\0001\000.\0001\000\040\000A\000U\000T\000O\000\137\000R\000E\000S\000T\000A\000R\000T\000\137\000R\000X\000\137\000D\000E\000L\000A\000Y}{subsection.2.2.1}% 30
\BOOKMARK [3][-]{subsubsection.2.2.1.2}{\376\377\0002\000.\0002\000.\0001\000.\0002\000\040\000B\000I\000T\000R\000A\000T\000E}{subsection.2.2.1}% 31
\BOOKMARK [3][-]{subsubsection.2.2.1.3}{\376\377\0002\000.\0002\000.\0001\000.\0003\000\040\000B\000R\000O\000A\000D\000C\000A\000S\000T\000\137\000A\000D\000D\000R\000E\000S\000S}{subsection.2.2.1}% 32
\BOOKMARK [3][-]{subsubsection.2.2.1.4}{\376\377\0002\000.\0002\000.\0001\000.\0004\000\040\000C\000A\000R\000R\000I\000E\000R\000\137\000F\000R\000E\000Q}{subsection.2.2.1}% 33
\BOOKMARK [3][-]{subsubsection.2.2.1.5}{\376\377\0002\000.\0002\000.\0001\000.\0005\000\040\000C\000R\000C\000O\000K\000\137\000P\000K\000S\000e\000n\000t\000\137\000L\000i\000n\000e}{subsection.2.2.1}% 34
\BOOKMARK [3][-]{subsubsection.2.2.1.6}{\376\377\0002\000.\0002\000.\0001\000.\0006\000\040\000C\000U\000T\000\137\000O\000F\000F\000\137\000F\000R\000E\000Q}{subsection.2.2.1}% 35
\BOOKMARK [3][-]{subsubsection.2.2.1.7}{\376\377\0002\000.\0002\000.\0001\000.\0007\000\040\000C\000U\000T\000\137\000O\000F\000F\000\137\000F\000R\000E\000Q\000\137\000A\000F\000C}{subsection.2.2.1}% 36
\BOOKMARK [3][-]{subsubsection.2.2.1.8}{\376\377\0002\000.\0002\000.\0001\000.\0008\000\040\000D\000E\000V\000I\000A\000T\000I\000O\000N}{subsection.2.2.1}% 37
\BOOKMARK [3][-]{subsubsection.2.2.1.9}{\376\377\0002\000.\0002\000.\0001\000.\0009\000\040\000E\000X\000T\000I\000\137\000P\000i\000n\0001}{subsection.2.2.1}% 38
\BOOKMARK [3][-]{subsubsection.2.2.1.10}{\376\377\0002\000.\0002\000.\0001\000.\0001\0000\000\040\000E\000X\000T\000I\000\137\000P\000i\000n\0002}{subsection.2.2.1}% 39
\BOOKMARK [3][-]{subsubsection.2.2.1.11}{\376\377\0002\000.\0002\000.\0001\000.\0001\0001\000\040\000E\000X\000T\000I\000\137\000P\000i\000n\0003}{subsection.2.2.1}% 40
\BOOKMARK [3][-]{subsubsection.2.2.1.12}{\376\377\0002\000.\0002\000.\0001\000.\0001\0002\000\040\000E\000X\000T\000I\000\137\000P\000o\000r\000t\0001}{subsection.2.2.1}% 41
\BOOKMARK [3][-]{subsubsection.2.2.1.13}{\376\377\0002\000.\0002\000.\0001\000.\0001\0003\000\040\000E\000X\000T\000I\000\137\000P\000o\000r\000t\0002\0003}{subsection.2.2.1}% 42
\BOOKMARK [3][-]{subsubsection.2.2.1.14}{\376\377\0002\000.\0002\000.\0001\000.\0001\0004\000\040\000F\000I\000F\000O\000\137\000T\000H\000R\000E\000S\000H\000O\000L\000D}{subsection.2.2.1}% 43
\BOOKMARK [3][-]{subsubsection.2.2.1.15}{\376\377\0002\000.\0002\000.\0001\000.\0001\0005\000\040\000F\000i\000f\000o\000L\000e\000v\000e\000l\000\137\000L\000i\000n\000e}{subsection.2.2.1}% 44
\BOOKMARK [3][-]{subsubsection.2.2.1.16}{\376\377\0002\000.\0002\000.\0001\000.\0001\0006\000\040\000F\000S\000K}{subsection.2.2.1}% 45
\BOOKMARK [3][-]{subsubsection.2.2.1.17}{\376\377\0002\000.\0002\000.\0001\000.\0001\0007\000\040\000F\000S\000T\000E\000P}{subsection.2.2.1}% 46
\BOOKMARK [3][-]{subsubsection.2.2.1.18}{\376\377\0002\000.\0002\000.\0001\000.\0001\0008\000\040\000F\000X\000O\000S\000C}{subsection.2.2.1}% 47
\BOOKMARK [3][-]{subsubsection.2.2.1.19}{\376\377\0002\000.\0002\000.\0001\000.\0001\0009\000\040\000M\000O\000D\000U\000L\000\137\000T\000Y\000P\000E}{subsection.2.2.1}% 48
\BOOKMARK [3][-]{subsubsection.2.2.1.20}{\376\377\0002\000.\0002\000.\0001\000.\0002\0000\000\040\000N\000S\000S\000\137\000P\000i\000n}{subsection.2.2.1}% 49
\BOOKMARK [3][-]{subsubsection.2.2.1.21}{\376\377\0002\000.\0002\000.\0001\000.\0002\0001\000\040\000N\000S\000S\000\137\000P\000o\000r\000t}{subsection.2.2.1}% 50
\BOOKMARK [3][-]{subsubsection.2.2.1.22}{\376\377\0002\000.\0002\000.\0001\000.\0002\0002\000\040\000O\000C\000P\000\137\000C\000U\000R\000R\000E\000N\000T}{subsection.2.2.1}% 51
\BOOKMARK [3][-]{subsubsection.2.2.1.23}{\376\377\0002\000.\0002\000.\0001\000.\0002\0003\000\040\000O\000O\000K}{subsection.2.2.1}% 52
\BOOKMARK [3][-]{subsubsection.2.2.1.24}{\376\377\0002\000.\0002\000.\0001\000.\0002\0004\000\040\000O\000O\000K\000\137\000P\000E\000A\000K\000\137\000T\000H\000R\000E\000S\000\137\000S\000T\000E\000P}{subsection.2.2.1}% 53
\BOOKMARK [3][-]{subsubsection.2.2.1.25}{\376\377\0002\000.\0002\000.\0001\000.\0002\0005\000\040\000O\000O\000K\000\137\000P\000E\000A\000K\000\137\000T\000H\000R\000E\000S\000H\000\137\000D\000E\000C}{subsection.2.2.1}% 54
\BOOKMARK [3][-]{subsubsection.2.2.1.26}{\376\377\0002\000.\0002\000.\0001\000.\0002\0006\000\040\000O\000O\000K\000F\000I\000X\000E\000D\000T\000H\000R\000E\000S\000H}{subsection.2.2.1}% 55
\BOOKMARK [3][-]{subsubsection.2.2.1.27}{\376\377\0002\000.\0002\000.\0001\000.\0002\0007\000\040\000O\000U\000T\000P\000U\000T\000\137\000P\000O\000W\000E\000R}{subsection.2.2.1}% 56
\BOOKMARK [3][-]{subsubsection.2.2.1.28}{\376\377\0002\000.\0002\000.\0001\000.\0002\0008\000\040\000P\000I}{subsection.2.2.1}% 57
\BOOKMARK [3][-]{subsubsection.2.2.1.29}{\376\377\0002\000.\0002\000.\0001\000.\0002\0009\000\040\000P\000R\000E\000A\000M\000B\000L\000E}{subsection.2.2.1}% 58
\BOOKMARK [3][-]{subsubsection.2.2.1.30}{\376\377\0002\000.\0002\000.\0001\000.\0003\0000\000\040\000R\000E\000G\000A\000E\000S\000K\000E\000Y\0001\0000\000\137\000D\000E\000F}{subsection.2.2.1}% 59
\BOOKMARK [3][-]{subsubsection.2.2.1.31}{\376\377\0002\000.\0002\000.\0001\000.\0003\0001\000\040\000R\000E\000G\000A\000E\000S\000K\000E\000Y\0001\0001\000\137\000D\000E\000F}{subsection.2.2.1}% 60
\BOOKMARK [3][-]{subsubsection.2.2.1.32}{\376\377\0002\000.\0002\000.\0001\000.\0003\0002\000\040\000R\000E\000G\000A\000E\000S\000K\000E\000Y\0001\0002\000\137\000D\000E\000F}{subsection.2.2.1}% 61
\BOOKMARK [3][-]{subsubsection.2.2.1.33}{\376\377\0002\000.\0002\000.\0001\000.\0003\0003\000\040\000R\000E\000G\000A\000E\000S\000K\000E\000Y\0001\0003\000\137\000D\000E\000F}{subsection.2.2.1}% 62
\BOOKMARK [3][-]{subsubsection.2.2.1.34}{\376\377\0002\000.\0002\000.\0001\000.\0003\0004\000\040\000R\000E\000G\000A\000E\000S\000K\000E\000Y\0001\0004\000\137\000D\000E\000F}{subsection.2.2.1}% 63
\BOOKMARK [3][-]{subsubsection.2.2.1.35}{\376\377\0002\000.\0002\000.\0001\000.\0003\0005\000\040\000R\000E\000G\000A\000E\000S\000K\000E\000Y\0001\0005\000\137\000D\000E\000F}{subsection.2.2.1}% 64
\BOOKMARK [3][-]{subsubsection.2.2.1.36}{\376\377\0002\000.\0002\000.\0001\000.\0003\0006\000\040\000R\000E\000G\000A\000E\000S\000K\000E\000Y\0001\0006\000\137\000D\000E\000F}{subsection.2.2.1}% 65
\BOOKMARK [3][-]{subsubsection.2.2.1.37}{\376\377\0002\000.\0002\000.\0001\000.\0003\0007\000\040\000R\000E\000G\000A\000E\000S\000K\000E\000Y\0001\000\137\000D\000E\000F}{subsection.2.2.1}% 66
\BOOKMARK [3][-]{subsubsection.2.2.1.38}{\376\377\0002\000.\0002\000.\0001\000.\0003\0008\000\040\000R\000E\000G\000A\000E\000S\000K\000E\000Y\0002\000\137\000D\000E\000F}{subsection.2.2.1}% 67
\BOOKMARK [3][-]{subsubsection.2.2.1.39}{\376\377\0002\000.\0002\000.\0001\000.\0003\0009\000\040\000R\000E\000G\000A\000E\000S\000K\000E\000Y\0003\000\137\000D\000E\000F}{subsection.2.2.1}% 68
\BOOKMARK [3][-]{subsubsection.2.2.1.40}{\376\377\0002\000.\0002\000.\0001\000.\0004\0000\000\040\000R\000E\000G\000A\000E\000S\000K\000E\000Y\0004\000\137\000D\000E\000F}{subsection.2.2.1}% 69
\BOOKMARK [3][-]{subsubsection.2.2.1.41}{\376\377\0002\000.\0002\000.\0001\000.\0004\0001\000\040\000R\000E\000G\000A\000E\000S\000K\000E\000Y\0005\000\137\000D\000E\000F}{subsection.2.2.1}% 70
\BOOKMARK [3][-]{subsubsection.2.2.1.42}{\376\377\0002\000.\0002\000.\0001\000.\0004\0002\000\040\000R\000E\000G\000A\000E\000S\000K\000E\000Y\0006\000\137\000D\000E\000F}{subsection.2.2.1}% 71
\BOOKMARK [3][-]{subsubsection.2.2.1.43}{\376\377\0002\000.\0002\000.\0001\000.\0004\0003\000\040\000R\000E\000G\000A\000E\000S\000K\000E\000Y\0007\000\137\000D\000E\000F}{subsection.2.2.1}% 72
\BOOKMARK [3][-]{subsubsection.2.2.1.44}{\376\377\0002\000.\0002\000.\0001\000.\0004\0004\000\040\000R\000E\000G\000A\000E\000S\000K\000E\000Y\0008\000\137\000D\000E\000F}{subsection.2.2.1}% 73
\BOOKMARK [3][-]{subsubsection.2.2.1.45}{\376\377\0002\000.\0002\000.\0001\000.\0004\0005\000\040\000R\000E\000G\000A\000E\000S\000K\000E\000Y\0009\000\137\000D\000E\000F}{subsection.2.2.1}% 74
\BOOKMARK [3][-]{subsubsection.2.2.1.46}{\376\377\0002\000.\0002\000.\0001\000.\0004\0006\000\040\000R\000E\000G\000A\000F\000C\000B\000W\000\137\000D\000E\000F}{subsection.2.2.1}% 75
\BOOKMARK [3][-]{subsubsection.2.2.1.47}{\376\377\0002\000.\0002\000.\0001\000.\0004\0007\000\040\000R\000E\000G\000A\000F\000C\000C\000T\000R\000L\000\137\000D\000E\000F}{subsection.2.2.1}% 76
\BOOKMARK [3][-]{subsubsection.2.2.1.48}{\376\377\0002\000.\0002\000.\0001\000.\0004\0008\000\040\000R\000E\000G\000A\000F\000C\000F\000E\000I\000\137\000D\000E\000F}{subsection.2.2.1}% 77
\BOOKMARK [3][-]{subsubsection.2.2.1.49}{\376\377\0002\000.\0002\000.\0001\000.\0004\0009\000\040\000R\000E\000G\000A\000U\000T\000O\000M\000O\000D\000E\000S\000\137\000D\000E\000F}{subsection.2.2.1}% 78
\BOOKMARK [3][-]{subsubsection.2.2.1.50}{\376\377\0002\000.\0002\000.\0001\000.\0005\0000\000\040\000R\000E\000G\000B\000I\000T\000R\000A\000T\000E\000L\000S\000B\000\137\000D\000E\000F}{subsection.2.2.1}% 79
\BOOKMARK [3][-]{subsubsection.2.2.1.51}{\376\377\0002\000.\0002\000.\0001\000.\0005\0001\000\040\000R\000E\000G\000B\000I\000T\000R\000A\000T\000E\000M\000S\000B\000\137\000D\000E\000F}{subsection.2.2.1}% 80
\BOOKMARK [3][-]{subsubsection.2.2.1.52}{\376\377\0002\000.\0002\000.\0001\000.\0005\0002\000\040\000R\000E\000G\000B\000R\000O\000A\000D\000C\000A\000S\000T\000A\000D\000R\000S\000\137\000D\000E\000F}{subsection.2.2.1}% 81
\BOOKMARK [3][-]{subsubsection.2.2.1.53}{\376\377\0002\000.\0002\000.\0001\000.\0005\0003\000\040\000R\000E\000G\000D\000A\000T\000A\000M\000O\000D\000U\000L\000\137\000D\000E\000F}{subsection.2.2.1}% 82
\BOOKMARK [3][-]{subsubsection.2.2.1.54}{\376\377\0002\000.\0002\000.\0001\000.\0005\0004\000\040\000R\000E\000G\000D\000I\000O\000M\000A\000P\000P\000I\000N\000G\0001\000\137\000D\000E\000F}{subsection.2.2.1}% 83
\BOOKMARK [3][-]{subsubsection.2.2.1.55}{\376\377\0002\000.\0002\000.\0001\000.\0005\0005\000\040\000R\000E\000G\000D\000I\000O\000M\000A\000P\000P\000I\000N\000G\0002\000\137\000D\000E\000F}{subsection.2.2.1}% 84
\BOOKMARK [3][-]{subsubsection.2.2.1.56}{\376\377\0002\000.\0002\000.\0001\000.\0005\0006\000\040\000R\000E\000G\000F\000D\000E\000V\000L\000S\000B\000\137\000D\000E\000F}{subsection.2.2.1}% 85
\BOOKMARK [3][-]{subsubsection.2.2.1.57}{\376\377\0002\000.\0002\000.\0001\000.\0005\0007\000\040\000R\000E\000G\000F\000D\000E\000V\000M\000S\000B\000\137\000D\000E\000F}{subsection.2.2.1}% 86
\BOOKMARK [3][-]{subsubsection.2.2.1.58}{\376\377\0002\000.\0002\000.\0001\000.\0005\0008\000\040\000R\000E\000G\000F\000I\000F\000O\000T\000H\000R\000E\000S\000\137\000D\000E\000F}{subsection.2.2.1}% 87
\BOOKMARK [3][-]{subsubsection.2.2.1.59}{\376\377\0002\000.\0002\000.\0001\000.\0005\0009\000\040\000R\000E\000G\000F\000R\000F\000L\000S\000B\000\137\000D\000E\000F}{subsection.2.2.1}% 88
\BOOKMARK [3][-]{subsubsection.2.2.1.60}{\376\377\0002\000.\0002\000.\0001\000.\0006\0000\000\040\000R\000E\000G\000F\000R\000F\000M\000I\000D\000\137\000D\000E\000F}{subsection.2.2.1}% 89
\BOOKMARK [3][-]{subsubsection.2.2.1.61}{\376\377\0002\000.\0002\000.\0001\000.\0006\0001\000\040\000R\000E\000G\000F\000R\000F\000M\000S\000B\000\137\000D\000E\000F}{subsection.2.2.1}% 90
\BOOKMARK [3][-]{subsubsection.2.2.1.62}{\376\377\0002\000.\0002\000.\0001\000.\0006\0002\000\040\000R\000E\000G\000L\000I\000S\000T\000E\000N\0001\000\137\000D\000E\000F}{subsection.2.2.1}% 91
\BOOKMARK [3][-]{subsubsection.2.2.1.63}{\376\377\0002\000.\0002\000.\0001\000.\0006\0003\000\040\000R\000E\000G\000L\000I\000S\000T\000E\000N\0002\000\137\000D\000E\000F}{subsection.2.2.1}% 92
\BOOKMARK [3][-]{subsubsection.2.2.1.64}{\376\377\0002\000.\0002\000.\0001\000.\0006\0004\000\040\000R\000E\000G\000L\000I\000S\000T\000E\000N\0003\000\137\000D\000E\000F}{subsection.2.2.1}% 93
\BOOKMARK [3][-]{subsubsection.2.2.1.65}{\376\377\0002\000.\0002\000.\0001\000.\0006\0005\000\040\000R\000E\000G\000L\000N\000A\000\137\000D\000E\000F}{subsection.2.2.1}% 94
\BOOKMARK [3][-]{subsubsection.2.2.1.66}{\376\377\0002\000.\0002\000.\0001\000.\0006\0006\000\040\000R\000E\000G\000N\000O\000D\000E\000A\000D\000R\000S\000\137\000D\000E\000F}{subsection.2.2.1}% 95
\BOOKMARK [3][-]{subsubsection.2.2.1.67}{\376\377\0002\000.\0002\000.\0001\000.\0006\0007\000\040\000R\000E\000G\000O\000C\000P\000\137\000D\000E\000F}{subsection.2.2.1}% 96
\BOOKMARK [3][-]{subsubsection.2.2.1.68}{\376\377\0002\000.\0002\000.\0001\000.\0006\0008\000\040\000R\000E\000G\000O\000O\000K\000A\000V\000G\000\137\000D\000E\000F}{subsection.2.2.1}% 97
\BOOKMARK [3][-]{subsubsection.2.2.1.69}{\376\377\0002\000.\0002\000.\0001\000.\0006\0009\000\040\000R\000E\000G\000O\000O\000K\000F\000I\000X\000\137\000D\000E\000F}{subsection.2.2.1}% 98
\BOOKMARK [3][-]{subsubsection.2.2.1.70}{\376\377\0002\000.\0002\000.\0001\000.\0007\0000\000\040\000R\000E\000G\000O\000O\000K\000P\000E\000A\000K\000\137\000D\000E\000F}{subsection.2.2.1}% 99
\BOOKMARK [3][-]{subsubsection.2.2.1.71}{\376\377\0002\000.\0002\000.\0001\000.\0007\0001\000\040\000R\000E\000G\000O\000P\000M\000O\000D\000E\000\137\000D\000E\000F}{subsection.2.2.1}% 100
\BOOKMARK [3][-]{subsubsection.2.2.1.72}{\376\377\0002\000.\0002\000.\0001\000.\0007\0002\000\040\000R\000E\000G\000P\000A\000C\000K\000E\000T\000C\000O\000N\000F\000I\000G\0001\000\137\000D\000E\000F}{subsection.2.2.1}% 101
\BOOKMARK [3][-]{subsubsection.2.2.1.73}{\376\377\0002\000.\0002\000.\0001\000.\0007\0003\000\040\000R\000E\000G\000P\000A\000C\000K\000E\000T\000C\000O\000N\000F\000I\000G\0002\000\137\000D\000E\000F}{subsection.2.2.1}% 102
\BOOKMARK [3][-]{subsubsection.2.2.1.74}{\376\377\0002\000.\0002\000.\0001\000.\0007\0004\000\040\000R\000E\000G\000P\000A\000L\000E\000V\000E\000L\000\137\000D\000E\000F}{subsection.2.2.1}% 103
\BOOKMARK [3][-]{subsubsection.2.2.1.75}{\376\377\0002\000.\0002\000.\0001\000.\0007\0005\000\040\000R\000E\000G\000P\000A\000R\000A\000M\000P\000\137\000D\000E\000F}{subsection.2.2.1}% 104
\BOOKMARK [3][-]{subsubsection.2.2.1.76}{\376\377\0002\000.\0002\000.\0001\000.\0007\0006\000\040\000R\000E\000G\000P\000A\000Y\000L\000O\000A\000D\000L\000E\000N\000G\000H\000T\000\137\000D\000E\000F}{subsection.2.2.1}% 105
\BOOKMARK [3][-]{subsubsection.2.2.1.77}{\376\377\0002\000.\0002\000.\0001\000.\0007\0007\000\040\000R\000E\000G\000P\000R\000E\000A\000M\000B\000L\000E\000L\000S\000B\000\137\000D\000E\000F}{subsection.2.2.1}% 106
\BOOKMARK [3][-]{subsubsection.2.2.1.78}{\376\377\0002\000.\0002\000.\0001\000.\0007\0008\000\040\000R\000E\000G\000P\000R\000E\000A\000M\000B\000L\000E\000M\000S\000B\000\137\000D\000E\000F}{subsection.2.2.1}% 107
\BOOKMARK [3][-]{subsubsection.2.2.1.79}{\376\377\0002\000.\0002\000.\0001\000.\0007\0009\000\040\000R\000E\000G\000R\000S\000S\000I\000T\000H\000R\000E\000S\000H\000\137\000D\000E\000F}{subsection.2.2.1}% 108
\BOOKMARK [3][-]{subsubsection.2.2.1.80}{\376\377\0002\000.\0002\000.\0001\000.\0008\0000\000\040\000R\000E\000G\000R\000X\000B\000W\000\137\000D\000E\000F}{subsection.2.2.1}% 109
\BOOKMARK [3][-]{subsubsection.2.2.1.81}{\376\377\0002\000.\0002\000.\0001\000.\0008\0001\000\040\000R\000E\000G\000S\000Y\000N\000C\000C\000O\000N\000F\000I\000G\000\137\000D\000E\000F}{subsection.2.2.1}% 110
\BOOKMARK [3][-]{subsubsection.2.2.1.82}{\376\377\0002\000.\0002\000.\0001\000.\0008\0002\000\040\000R\000E\000G\000S\000Y\000N\000C\000V\000A\000L\000U\000E\0001\000\137\000D\000E\000F}{subsection.2.2.1}% 111
\BOOKMARK [3][-]{subsubsection.2.2.1.83}{\376\377\0002\000.\0002\000.\0001\000.\0008\0003\000\040\000R\000E\000G\000S\000Y\000N\000C\000V\000A\000L\000U\000E\0002\000\137\000D\000E\000F}{subsection.2.2.1}% 112
\BOOKMARK [3][-]{subsubsection.2.2.1.84}{\376\377\0002\000.\0002\000.\0001\000.\0008\0004\000\040\000R\000E\000G\000S\000Y\000N\000C\000V\000A\000L\000U\000E\0003\000\137\000D\000E\000F}{subsection.2.2.1}% 113
\BOOKMARK [3][-]{subsubsection.2.2.1.85}{\376\377\0002\000.\0002\000.\0001\000.\0008\0005\000\040\000R\000E\000G\000S\000Y\000N\000C\000V\000A\000L\000U\000E\0004\000\137\000D\000E\000F}{subsection.2.2.1}% 114
\BOOKMARK [3][-]{subsubsection.2.2.1.86}{\376\377\0002\000.\0002\000.\0001\000.\0008\0006\000\040\000R\000E\000G\000S\000Y\000N\000C\000V\000A\000L\000U\000E\0005\000\137\000D\000E\000F}{subsection.2.2.1}% 115
\BOOKMARK [3][-]{subsubsection.2.2.1.87}{\376\377\0002\000.\0002\000.\0001\000.\0008\0007\000\040\000R\000E\000G\000S\000Y\000N\000C\000V\000A\000L\000U\000E\0006\000\137\000D\000E\000F}{subsection.2.2.1}% 116
\BOOKMARK [3][-]{subsubsection.2.2.1.88}{\376\377\0002\000.\0002\000.\0001\000.\0008\0008\000\040\000R\000E\000G\000S\000Y\000N\000C\000V\000A\000L\000U\000E\0007\000\137\000D\000E\000F}{subsection.2.2.1}% 117
\BOOKMARK [3][-]{subsubsection.2.2.1.89}{\376\377\0002\000.\0002\000.\0001\000.\0008\0009\000\040\000R\000E\000G\000S\000Y\000N\000C\000V\000A\000L\000U\000E\0008\000\137\000D\000E\000F}{subsection.2.2.1}% 118
\BOOKMARK [3][-]{subsubsection.2.2.1.90}{\376\377\0002\000.\0002\000.\0001\000.\0009\0000\000\040\000R\000F\000M\0006\0009\000\137\000B\000U\000F\000F\000E\000R\000\137\000S\000I\000Z\000E}{subsection.2.2.1}% 119
\BOOKMARK [3][-]{subsubsection.2.2.1.91}{\376\377\0002\000.\0002\000.\0001\000.\0009\0001\000\040\000R\000F\000M\0006\0009\000\137\000S\000Y\000N\000C\000A\000D\000D\000R\000\137\000P\000E\000R\000I\000O\000D}{subsection.2.2.1}% 120
\BOOKMARK [3][-]{subsubsection.2.2.1.92}{\376\377\0002\000.\0002\000.\0001\000.\0009\0002\000\040\000R\000I\000S\000E\000\137\000F\000A\000L\000L\000\137\000T\000I\000M\000E\000\137\000F\000S\000K}{subsection.2.2.1}% 121
\BOOKMARK [3][-]{subsubsection.2.2.1.93}{\376\377\0002\000.\0002\000.\0001\000.\0009\0003\000\040\000R\000S\000S\000I\000\137\000T\000H\000R\000E\000S\000H}{subsection.2.2.1}% 122
\BOOKMARK [3][-]{subsubsection.2.2.1.94}{\376\377\0002\000.\0002\000.\0001\000.\0009\0004\000\040\000R\000X\000\137\000A\000D\000D\000R\000E\000S\000S}{subsection.2.2.1}% 123
\BOOKMARK [3][-]{subsubsection.2.2.1.95}{\376\377\0002\000.\0002\000.\0001\000.\0009\0005\000\040\000R\000X\000\137\000B\000W}{subsection.2.2.1}% 124
\BOOKMARK [3][-]{subsubsection.2.2.1.96}{\376\377\0002\000.\0002\000.\0001\000.\0009\0006\000\040\000R\000X\000\137\000B\000W\000\137\000A\000F\000C}{subsection.2.2.1}% 125
\BOOKMARK [3][-]{subsubsection.2.2.1.97}{\376\377\0002\000.\0002\000.\0001\000.\0009\0007\000\040\000S\000Y\000N\000C\000\137\000W\000O\000R\000D}{subsection.2.2.1}% 126
\BOOKMARK [3][-]{subsubsection.2.2.1.98}{\376\377\0002\000.\0002\000.\0001\000.\0009\0008\000\040\000S\000Y\000N\000C\000\137\000W\000O\000R\000D\000\137\000S\000I\000Z\000E}{subsection.2.2.1}% 127
\BOOKMARK [3][-]{subsubsection.2.2.1.99}{\376\377\0002\000.\0002\000.\0001\000.\0009\0009\000\040\000S\000y\000n\000c\000A\000d\000d\000r\000\137\000L\000i\000n\000e}{subsection.2.2.1}% 128
\BOOKMARK [3][-]{subsubsection.2.2.1.100}{\376\377\0002\000.\0002\000.\0001\000.\0001\0000\0000\000\040\000S\000Y\000N\000C\000T\000O\000L}{subsection.2.2.1}% 129
\BOOKMARK [2][-]{subsection.2.2.2}{\376\377\0002\000.\0002\000.\0002\000\040\004\037\004\065\004\100\004\065\004\107\004\070\004\101\004\073\004\065\004\075\004\070\004\117}{section.2.2}% 130
\BOOKMARK [3][-]{subsubsection.2.2.2.1}{\376\377\0002\000.\0002\000.\0002\000.\0001\000\040\000a\000n\000o\000n\000y\000m\000o\000u\000s\000\040\000e\000n\000u\000m}{subsection.2.2.2}% 131
\BOOKMARK [2][-]{subsection.2.2.3}{\376\377\0002\000.\0002\000.\0003\000\040\004\044\004\103\004\075\004\072\004\106\004\070\004\070}{section.2.2}% 132
\BOOKMARK [3][-]{subsubsection.2.2.3.1}{\376\377\0002\000.\0002\000.\0003\000.\0001\000\040\000r\000f\000m\0006\0009\000\137\000c\000l\000e\000a\000r\000\137\000f\000i\000f\000o}{subsection.2.2.3}% 133
\BOOKMARK [3][-]{subsubsection.2.2.3.2}{\376\377\0002\000.\0002\000.\0003\000.\0002\000\040\000r\000f\000m\0006\0009\000\137\000i\000n\000i\000t}{subsection.2.2.3}% 134
\BOOKMARK [3][-]{subsubsection.2.2.3.3}{\376\377\0002\000.\0002\000.\0003\000.\0003\000\040\000r\000f\000m\0006\0009\000\137\000m\000c\000u\000\137\000i\000n\000i\000t}{subsection.2.2.3}% 135
\BOOKMARK [3][-]{subsubsection.2.2.3.4}{\376\377\0002\000.\0002\000.\0003\000.\0004\000\040\000r\000f\000m\0006\0009\000\137\000r\000e\000a\000d}{subsection.2.2.3}% 136
\BOOKMARK [3][-]{subsubsection.2.2.3.5}{\376\377\0002\000.\0002\000.\0003\000.\0005\000\040\000r\000f\000m\0006\0009\000\137\000r\000e\000a\000d\000\137\000b\000u\000r\000s\000t}{subsection.2.2.3}% 137
\BOOKMARK [3][-]{subsubsection.2.2.3.6}{\376\377\0002\000.\0002\000.\0003\000.\0006\000\040\000r\000f\000m\0006\0009\000\137\000r\000e\000c\000e\000i\000v\000e\000\137\000s\000m\000a\000l\000l\000\137\000p\000a\000c\000k\000e\000t}{subsection.2.2.3}% 138
\BOOKMARK [3][-]{subsubsection.2.2.3.7}{\376\377\0002\000.\0002\000.\0003\000.\0007\000\040\000r\000f\000m\0006\0009\000\137\000r\000e\000c\000e\000i\000v\000e\000\137\000s\000t\000a\000r\000t}{subsection.2.2.3}% 139
\BOOKMARK [3][-]{subsubsection.2.2.3.8}{\376\377\0002\000.\0002\000.\0003\000.\0008\000\040\000r\000f\000m\0006\0009\000\137\000s\000l\000e\000e\000p}{subsection.2.2.3}% 140
\BOOKMARK [3][-]{subsubsection.2.2.3.9}{\376\377\0002\000.\0002\000.\0003\000.\0009\000\040\000r\000f\000m\0006\0009\000\137\000s\000t\000b\000y}{subsection.2.2.3}% 141
\BOOKMARK [3][-]{subsubsection.2.2.3.10}{\376\377\0002\000.\0002\000.\0003\000.\0001\0000\000\040\000r\000f\000m\0006\0009\000\137\000t\000r\000a\000n\000s\000m\000i\000t\000\137\000s\000t\000a\000r\000t}{subsection.2.2.3}% 142
\BOOKMARK [3][-]{subsubsection.2.2.3.11}{\376\377\0002\000.\0002\000.\0003\000.\0001\0001\000\040\000r\000f\000m\0006\0009\000\137\000w\000r\000i\000t\000e}{subsection.2.2.3}% 143
\BOOKMARK [3][-]{subsubsection.2.2.3.12}{\376\377\0002\000.\0002\000.\0003\000.\0001\0002\000\040\000r\000f\000m\0006\0009\000\137\000w\000r\000i\000t\000e\000\137\000b\000u\000r\000s\000t}{subsection.2.2.3}% 144
\BOOKMARK [1][-]{section.2.3}{\376\377\0002\000.\0003\000\040\004\044\004\060\004\071\004\073\000\040\000r\000f\000m\0006\0009\000\137\000r\000e\000g\000i\000s\000t\000e\000r\000s\000.\000h}{chapter.2}% 145
\BOOKMARK [2][-]{subsection.2.3.1}{\376\377\0002\000.\0003\000.\0001\000\040\004\034\004\060\004\072\004\100\004\076\004\101\004\113}{section.2.3}% 146
\BOOKMARK [3][-]{subsubsection.2.3.1.1}{\376\377\0002\000.\0003\000.\0001\000.\0001\000\040\000A\000D\000D\000R\000E\000S\000S\000\137\000O\000F\000F}{subsection.2.3.1}% 147
\BOOKMARK [3][-]{subsubsection.2.3.1.2}{\376\377\0002\000.\0003\000.\0001\000.\0002\000\040\000A\000E\000S\000O\000N}{subsection.2.3.1}% 148
\BOOKMARK [3][-]{subsubsection.2.3.1.3}{\376\377\0002\000.\0003\000.\0001\000.\0003\000\040\000A\000F\000C\000\137\000L\000O\000W\000\137\000B\000E\000T\000A\000\137\000O\000F\000F}{subsection.2.3.1}% 149
\BOOKMARK [3][-]{subsubsection.2.3.1.4}{\376\377\0002\000.\0003\000.\0001\000.\0004\000\040\000A\000F\000C\000\137\000L\000O\000W\000\137\000B\000E\000T\000A\000\137\000O\000N}{subsection.2.3.1}% 150
\BOOKMARK [3][-]{subsubsection.2.3.1.5}{\376\377\0002\000.\0003\000.\0001\000.\0005\000\040\000A\000F\000C\000\137\000N\000O\000R\000M\000A\000L\000\137\000M\000O\000D\000E}{subsection.2.3.1}% 151
\BOOKMARK [3][-]{subsubsection.2.3.1.6}{\376\377\0002\000.\0003\000.\0001\000.\0006\000\040\000A\000F\000C\000\137\000V\000A\000L\000U\000E}{subsection.2.3.1}% 152
\BOOKMARK [3][-]{subsubsection.2.3.1.7}{\376\377\0002\000.\0003\000.\0001\000.\0007\000\040\000A\000F\000C\000A\000U\000T\000O\000C\000L\000E\000A\000R}{subsection.2.3.1}% 153
\BOOKMARK [3][-]{subsubsection.2.3.1.8}{\376\377\0002\000.\0003\000.\0001\000.\0008\000\040\000A\000F\000C\000A\000U\000T\000O\000O\000N}{subsection.2.3.1}% 154
\BOOKMARK [3][-]{subsubsection.2.3.1.9}{\376\377\0002\000.\0003\000.\0001\000.\0009\000\040\000A\000F\000C\000C\000L\000E\000A\000R}{subsection.2.3.1}% 155
\BOOKMARK [3][-]{subsubsection.2.3.1.10}{\376\377\0002\000.\0003\000.\0001\000.\0001\0000\000\040\000A\000F\000C\000D\000O\000N\000E}{subsection.2.3.1}% 156
\BOOKMARK [3][-]{subsubsection.2.3.1.11}{\376\377\0002\000.\0003\000.\0001\000.\0001\0001\000\040\000A\000F\000C\000L\000O\000W\000B\000E\000T\000A\000O\000N}{subsection.2.3.1}% 157
\BOOKMARK [3][-]{subsubsection.2.3.1.12}{\376\377\0002\000.\0003\000.\0001\000.\0001\0002\000\040\000A\000F\000C\000S\000T\000A\000R\000T}{subsection.2.3.1}% 158
\BOOKMARK [3][-]{subsubsection.2.3.1.13}{\376\377\0002\000.\0003\000.\0001\000.\0001\0003\000\040\000A\000U\000T\000O\000M\000O\000D\000E}{subsection.2.3.1}% 159
\BOOKMARK [3][-]{subsubsection.2.3.1.14}{\376\377\0002\000.\0003\000.\0001\000.\0001\0004\000\040\000A\000U\000T\000O\000R\000X\000R\000E\000S\000T\000A\000R\000T\000O\000N}{subsection.2.3.1}% 160
\BOOKMARK [3][-]{subsubsection.2.3.1.15}{\376\377\0002\000.\0003\000.\0001\000.\0001\0005\000\040\000B\000I\000T\000R\000A\000T\000E\000\137\000C\000A\000L\000C}{subsection.2.3.1}% 161
\BOOKMARK [3][-]{subsubsection.2.3.1.16}{\376\377\0002\000.\0003\000.\0001\000.\0001\0006\000\040\000C\000L\000K\000O\000U\000T\0001\0006\000M}{subsection.2.3.1}% 162
\BOOKMARK [3][-]{subsubsection.2.3.1.17}{\376\377\0002\000.\0003\000.\0001\000.\0001\0007\000\040\000C\000L\000K\000O\000U\000T\0001\000M}{subsection.2.3.1}% 163
\BOOKMARK [3][-]{subsubsection.2.3.1.18}{\376\377\0002\000.\0003\000.\0001\000.\0001\0008\000\040\000C\000L\000K\000O\000U\000T\0002\000M}{subsection.2.3.1}% 164
\BOOKMARK [3][-]{subsubsection.2.3.1.19}{\376\377\0002\000.\0003\000.\0001\000.\0001\0009\000\040\000C\000L\000K\000O\000U\000T\0003\0002\000M}{subsection.2.3.1}% 165
\BOOKMARK [3][-]{subsubsection.2.3.1.20}{\376\377\0002\000.\0003\000.\0001\000.\0002\0000\000\040\000C\000L\000K\000O\000U\000T\0004\000M}{subsection.2.3.1}% 166
\BOOKMARK [3][-]{subsubsection.2.3.1.21}{\376\377\0002\000.\0003\000.\0001\000.\0002\0001\000\040\000C\000L\000K\000O\000U\000T\0008\000M}{subsection.2.3.1}% 167
\BOOKMARK [3][-]{subsubsection.2.3.1.22}{\376\377\0002\000.\0003\000.\0001\000.\0002\0002\000\040\000C\000L\000K\000O\000U\000T\000\137\000O\000F\000F}{subsection.2.3.1}% 168
\BOOKMARK [3][-]{subsubsection.2.3.1.23}{\376\377\0002\000.\0003\000.\0001\000.\0002\0003\000\040\000C\000L\000K\000O\000U\000T\000\137\000R\000C}{subsection.2.3.1}% 169
\BOOKMARK [3][-]{subsubsection.2.3.1.24}{\376\377\0002\000.\0003\000.\0001\000.\0002\0004\000\040\000C\000O\000N\000T\000\137\000M\000O\000D\000E}{subsection.2.3.1}% 170
\BOOKMARK [3][-]{subsubsection.2.3.1.25}{\376\377\0002\000.\0003\000.\0001\000.\0002\0005\000\040\000C\000O\000N\000T\000\137\000S\000Y\000N\000C\000H\000\137\000M\000O\000D\000E}{subsection.2.3.1}% 171
\BOOKMARK [3][-]{subsubsection.2.3.1.26}{\376\377\0002\000.\0003\000.\0001\000.\0002\0006\000\040\000C\000R\000C\000A\000U\000T\000O\000C\000L\000E\000A\000R\000O\000F\000F}{subsection.2.3.1}% 172
\BOOKMARK [3][-]{subsubsection.2.3.1.27}{\376\377\0002\000.\0003\000.\0001\000.\0002\0007\000\040\000C\000R\000C\000O\000K}{subsection.2.3.1}% 173
\BOOKMARK [3][-]{subsubsection.2.3.1.28}{\376\377\0002\000.\0003\000.\0001\000.\0002\0008\000\040\000C\000R\000C\000O\000N}{subsection.2.3.1}% 174
\BOOKMARK [3][-]{subsubsection.2.3.1.29}{\376\377\0002\000.\0003\000.\0001\000.\0002\0009\000\040\000D\000A\000T\000A\000\137\000W\000H\000I\000T\000E\000N\000I\000N\000G}{subsection.2.3.1}% 175
\BOOKMARK [3][-]{subsubsection.2.3.1.30}{\376\377\0002\000.\0003\000.\0001\000.\0003\0000\000\040\000D\000I\000O\0000\000M\000A\000P\0000}{subsection.2.3.1}% 176
\BOOKMARK [3][-]{subsubsection.2.3.1.31}{\376\377\0002\000.\0003\000.\0001\000.\0003\0001\000\040\000D\000I\000O\0000\000M\000A\000P\0001}{subsection.2.3.1}% 177
\BOOKMARK [3][-]{subsubsection.2.3.1.32}{\376\377\0002\000.\0003\000.\0001\000.\0003\0002\000\040\000D\000I\000O\0000\000M\000A\000P\0002}{subsection.2.3.1}% 178
\BOOKMARK [3][-]{subsubsection.2.3.1.33}{\376\377\0002\000.\0003\000.\0001\000.\0003\0003\000\040\000D\000I\000O\0000\000M\000A\000P\0003}{subsection.2.3.1}% 179
\BOOKMARK [3][-]{subsubsection.2.3.1.34}{\376\377\0002\000.\0003\000.\0001\000.\0003\0004\000\040\000D\000I\000O\0001\000M\000A\000P\0000}{subsection.2.3.1}% 180
\BOOKMARK [3][-]{subsubsection.2.3.1.35}{\376\377\0002\000.\0003\000.\0001\000.\0003\0005\000\040\000D\000I\000O\0001\000M\000A\000P\0001}{subsection.2.3.1}% 181
\BOOKMARK [3][-]{subsubsection.2.3.1.36}{\376\377\0002\000.\0003\000.\0001\000.\0003\0006\000\040\000D\000I\000O\0001\000M\000A\000P\0002}{subsection.2.3.1}% 182
\BOOKMARK [3][-]{subsubsection.2.3.1.37}{\376\377\0002\000.\0003\000.\0001\000.\0003\0007\000\040\000D\000I\000O\0001\000M\000A\000P\0003}{subsection.2.3.1}% 183
\BOOKMARK [3][-]{subsubsection.2.3.1.38}{\376\377\0002\000.\0003\000.\0001\000.\0003\0008\000\040\000D\000I\000O\0002\000M\000A\000P\0000}{subsection.2.3.1}% 184
\BOOKMARK [3][-]{subsubsection.2.3.1.39}{\376\377\0002\000.\0003\000.\0001\000.\0003\0009\000\040\000D\000I\000O\0002\000M\000A\000P\0001}{subsection.2.3.1}% 185
\BOOKMARK [3][-]{subsubsection.2.3.1.40}{\376\377\0002\000.\0003\000.\0001\000.\0004\0000\000\040\000D\000I\000O\0002\000M\000A\000P\0002}{subsection.2.3.1}% 186
\BOOKMARK [3][-]{subsubsection.2.3.1.41}{\376\377\0002\000.\0003\000.\0001\000.\0004\0001\000\040\000D\000I\000O\0002\000M\000A\000P\0003}{subsection.2.3.1}% 187
\BOOKMARK [3][-]{subsubsection.2.3.1.42}{\376\377\0002\000.\0003\000.\0001\000.\0004\0002\000\040\000D\000I\000O\0003\000M\000A\000P\0000}{subsection.2.3.1}% 188
\BOOKMARK [3][-]{subsubsection.2.3.1.43}{\376\377\0002\000.\0003\000.\0001\000.\0004\0003\000\040\000D\000I\000O\0003\000M\000A\000P\0001}{subsection.2.3.1}% 189
\BOOKMARK [3][-]{subsubsection.2.3.1.44}{\376\377\0002\000.\0003\000.\0001\000.\0004\0004\000\040\000D\000I\000O\0003\000M\000A\000P\0002}{subsection.2.3.1}% 190
\BOOKMARK [3][-]{subsubsection.2.3.1.45}{\376\377\0002\000.\0003\000.\0001\000.\0004\0005\000\040\000D\000I\000O\0003\000M\000A\000P\0003}{subsection.2.3.1}% 191
\BOOKMARK [3][-]{subsubsection.2.3.1.46}{\376\377\0002\000.\0003\000.\0001\000.\0004\0006\000\040\000D\000I\000O\0005\000M\000A\000P\0000}{subsection.2.3.1}% 192
\BOOKMARK [3][-]{subsubsection.2.3.1.47}{\376\377\0002\000.\0003\000.\0001\000.\0004\0007\000\040\000D\000I\000O\0005\000M\000A\000P\0001}{subsection.2.3.1}% 193
\BOOKMARK [3][-]{subsubsection.2.3.1.48}{\376\377\0002\000.\0003\000.\0001\000.\0004\0008\000\040\000D\000I\000O\0005\000M\000A\000P\0002}{subsection.2.3.1}% 194
\BOOKMARK [3][-]{subsubsection.2.3.1.49}{\376\377\0002\000.\0003\000.\0001\000.\0004\0009\000\040\000D\000I\000O\0005\000M\000A\000P\0003}{subsection.2.3.1}% 195
\BOOKMARK [3][-]{subsubsection.2.3.1.50}{\376\377\0002\000.\0003\000.\0001\000.\0005\0000\000\040\000E\000N\000C\000O\000D\000I\000N\000G\000\137\000O\000F\000F}{subsection.2.3.1}% 196
\BOOKMARK [3][-]{subsubsection.2.3.1.51}{\376\377\0002\000.\0003\000.\0001\000.\0005\0001\000\040\000F\000D\000E\000V\000\137\000C\000A\000L\000C}{subsection.2.3.1}% 197
\BOOKMARK [3][-]{subsubsection.2.3.1.52}{\376\377\0002\000.\0003\000.\0001\000.\0005\0002\000\040\000F\000E\000I\000\137\000V\000A\000L\000U\000E}{subsection.2.3.1}% 198
\BOOKMARK [3][-]{subsubsection.2.3.1.53}{\376\377\0002\000.\0003\000.\0001\000.\0005\0003\000\040\000F\000E\000I\000D\000O\000N\000E}{subsection.2.3.1}% 199
\BOOKMARK [3][-]{subsubsection.2.3.1.54}{\376\377\0002\000.\0003\000.\0001\000.\0005\0004\000\040\000F\000E\000I\000S\000T\000A\000R\000T}{subsection.2.3.1}% 200
\BOOKMARK [3][-]{subsubsection.2.3.1.55}{\376\377\0002\000.\0003\000.\0001\000.\0005\0005\000\040\000F\000I\000F\000O\000F\000I\000L\000L\000C\000O\000N\000D}{subsection.2.3.1}% 201
\BOOKMARK [3][-]{subsubsection.2.3.1.56}{\376\377\0002\000.\0003\000.\0001\000.\0005\0006\000\040\000F\000I\000F\000O\000I\000S\000F\000U\000L\000L}{subsection.2.3.1}% 202
\BOOKMARK [3][-]{subsubsection.2.3.1.57}{\376\377\0002\000.\0003\000.\0001\000.\0005\0007\000\040\000F\000I\000F\000O\000L\000E\000V\000E\000L}{subsection.2.3.1}% 203
\BOOKMARK [3][-]{subsubsection.2.3.1.58}{\376\377\0002\000.\0003\000.\0001\000.\0005\0008\000\040\000F\000I\000F\000O\000N\000O\000T\000E\000M\000P\000T\000Y}{subsection.2.3.1}% 204
\BOOKMARK [3][-]{subsubsection.2.3.1.59}{\376\377\0002\000.\0003\000.\0001\000.\0005\0009\000\040\000F\000I\000F\000O\000O\000V\000E\000R\000R\000U\000N}{subsection.2.3.1}% 205
\BOOKMARK [3][-]{subsubsection.2.3.1.60}{\376\377\0002\000.\0003\000.\0001\000.\0006\0000\000\040\000F\000R\000F\000\137\000C\000A\000L\000C}{subsection.2.3.1}% 206
\BOOKMARK [3][-]{subsubsection.2.3.1.61}{\376\377\0002\000.\0003\000.\0001\000.\0006\0001\000\040\000F\000S\000\137\000M\000O\000D\000E}{subsection.2.3.1}% 207
\BOOKMARK [3][-]{subsubsection.2.3.1.62}{\376\377\0002\000.\0003\000.\0001\000.\0006\0002\000\040\000G\000A\000U\000S\000S\000\137\000B\000T\0000\0003}{subsection.2.3.1}% 208
\BOOKMARK [3][-]{subsubsection.2.3.1.63}{\376\377\0002\000.\0003\000.\0001\000.\0006\0003\000\040\000G\000A\000U\000S\000S\000\137\000B\000T\0000\0005}{subsection.2.3.1}% 209
\BOOKMARK [3][-]{subsubsection.2.3.1.64}{\376\377\0002\000.\0003\000.\0001\000.\0006\0004\000\040\000G\000A\000U\000S\000S\000\137\000B\000T\0001\0000}{subsection.2.3.1}% 210
\BOOKMARK [3][-]{subsubsection.2.3.1.65}{\376\377\0002\000.\0003\000.\0001\000.\0006\0005\000\040\000H\000I\000G\000H\000\137\000S\000E\000N\000S\000\137\000B\000O\000O\000S\000T\000\137\000M\000O\000D\000E}{subsection.2.3.1}% 211
\BOOKMARK [3][-]{subsubsection.2.3.1.66}{\376\377\0002\000.\0003\000.\0001\000.\0006\0006\000\040\000L\000I\000S\000T\000E\000N\000A\000B\000O\000R\000T}{subsection.2.3.1}% 212
\BOOKMARK [3][-]{subsubsection.2.3.1.67}{\376\377\0002\000.\0003\000.\0001\000.\0006\0007\000\040\000L\000I\000S\000T\000E\000N\000C\000R\000I\000T\000E\000R\000I\000A}{subsection.2.3.1}% 213
\BOOKMARK [3][-]{subsubsection.2.3.1.68}{\376\377\0002\000.\0003\000.\0001\000.\0006\0008\000\040\000L\000I\000S\000T\000E\000N\000E\000N\000D\0001}{subsection.2.3.1}% 214
\BOOKMARK [3][-]{subsubsection.2.3.1.69}{\376\377\0002\000.\0003\000.\0001\000.\0006\0009\000\040\000L\000I\000S\000T\000E\000N\000E\000N\000D\0002}{subsection.2.3.1}% 215
\BOOKMARK [3][-]{subsubsection.2.3.1.70}{\376\377\0002\000.\0003\000.\0001\000.\0007\0000\000\040\000L\000I\000S\000T\000E\000N\000E\000N\000D\0003}{subsection.2.3.1}% 216
\BOOKMARK [3][-]{subsubsection.2.3.1.71}{\376\377\0002\000.\0003\000.\0001\000.\0007\0001\000\040\000L\000I\000S\000T\000E\000N\000E\000N\000D\0004}{subsection.2.3.1}% 217
\BOOKMARK [3][-]{subsubsection.2.3.1.72}{\376\377\0002\000.\0003\000.\0001\000.\0007\0002\000\040\000L\000I\000S\000T\000E\000N\000I\000D\000L\000E\0002\0006\0002\000M}{subsection.2.3.1}% 218
\BOOKMARK [3][-]{subsubsection.2.3.1.73}{\376\377\0002\000.\0003\000.\0001\000.\0007\0003\000\040\000L\000I\000S\000T\000E\000N\000I\000D\000L\000E\0004\000M\0001}{subsection.2.3.1}% 219
\BOOKMARK [3][-]{subsubsection.2.3.1.74}{\376\377\0002\000.\0003\000.\0001\000.\0007\0004\000\040\000L\000I\000S\000T\000E\000N\000I\000D\000L\000E\0006\0004\000U}{subsection.2.3.1}% 220
\BOOKMARK [3][-]{subsubsection.2.3.1.75}{\376\377\0002\000.\0003\000.\0001\000.\0007\0005\000\040\000L\000I\000S\000T\000E\000N\000O\000N}{subsection.2.3.1}% 221
\BOOKMARK [3][-]{subsubsection.2.3.1.76}{\376\377\0002\000.\0003\000.\0001\000.\0007\0006\000\040\000L\000I\000S\000T\000E\000N\000R\000X\0002\0006\0002\000M}{subsection.2.3.1}% 222
\BOOKMARK [3][-]{subsubsection.2.3.1.77}{\376\377\0002\000.\0003\000.\0001\000.\0007\0007\000\040\000L\000I\000S\000T\000E\000N\000R\000X\0004\000M\0001}{subsection.2.3.1}% 223
\BOOKMARK [3][-]{subsubsection.2.3.1.78}{\376\377\0002\000.\0003\000.\0001\000.\0007\0008\000\040\000L\000I\000S\000T\000E\000N\000R\000X\0006\0004\000U}{subsection.2.3.1}% 224
\BOOKMARK [3][-]{subsubsection.2.3.1.79}{\376\377\0002\000.\0003\000.\0001\000.\0007\0009\000\040\000L\000N\000A\000G\000A\000I\000N\000\137\0000\000D\000B}{subsection.2.3.1}% 225
\BOOKMARK [3][-]{subsubsection.2.3.1.80}{\376\377\0002\000.\0003\000.\0001\000.\0008\0000\000\040\000L\000N\000A\000G\000A\000I\000N\000\137\0001\0002\000D\000B}{subsection.2.3.1}% 226
\BOOKMARK [3][-]{subsubsection.2.3.1.81}{\376\377\0002\000.\0003\000.\0001\000.\0008\0001\000\040\000L\000N\000A\000G\000A\000I\000N\000\137\0002\0004\000D\000B}{subsection.2.3.1}% 227
\BOOKMARK [3][-]{subsubsection.2.3.1.82}{\376\377\0002\000.\0003\000.\0001\000.\0008\0002\000\040\000L\000N\000A\000G\000A\000I\000N\000\137\0003\0006\000D\000B}{subsection.2.3.1}% 228
\BOOKMARK [3][-]{subsubsection.2.3.1.83}{\376\377\0002\000.\0003\000.\0001\000.\0008\0003\000\040\000L\000N\000A\000G\000A\000I\000N\000\137\0004\0008\000D\000B}{subsection.2.3.1}% 229
\BOOKMARK [3][-]{subsubsection.2.3.1.84}{\376\377\0002\000.\0003\000.\0001\000.\0008\0004\000\040\000L\000N\000A\000G\000A\000I\000N\000\137\0006\000D\000B}{subsection.2.3.1}% 230
\BOOKMARK [3][-]{subsubsection.2.3.1.85}{\376\377\0002\000.\0003\000.\0001\000.\0008\0005\000\040\000L\000N\000A\000G\000A\000I\000N\000\137\000A\000U\000T\000O}{subsection.2.3.1}% 231
\BOOKMARK [3][-]{subsubsection.2.3.1.86}{\376\377\0002\000.\0003\000.\0001\000.\0008\0006\000\040\000L\000N\000A\000Z\000I\000N}{subsection.2.3.1}% 232
\BOOKMARK [3][-]{subsubsection.2.3.1.87}{\376\377\0002\000.\0003\000.\0001\000.\0008\0007\000\040\000L\000O\000W\000\137\000B\000E\000T\000A\000\137\000A\000F\000C\000\137\000O\000F\000F\000S\000E\000T\000\137\000C\000A\000L\000C}{subsection.2.3.1}% 233
\BOOKMARK [3][-]{subsubsection.2.3.1.88}{\376\377\0002\000.\0003\000.\0001\000.\0008\0008\000\040\000M\000A\000N\000C\000H\000E\000S\000T\000E\000R\000\137\000E\000N\000C}{subsection.2.3.1}% 234
\BOOKMARK [3][-]{subsubsection.2.3.1.89}{\376\377\0002\000.\0003\000.\0001\000.\0008\0009\000\040\000M\000O\000D\000E\000R\000E\000A\000D\000Y}{subsection.2.3.1}% 235
\BOOKMARK [3][-]{subsubsection.2.3.1.90}{\376\377\0002\000.\0003\000.\0001\000.\0009\0000\000\040\000N\000O\000\137\000S\000H\000A\000P\000I\000N\000G}{subsection.2.3.1}% 236
\BOOKMARK [3][-]{subsubsection.2.3.1.91}{\376\377\0002\000.\0003\000.\0001\000.\0009\0001\000\040\000N\000O\000D\000E\000\137\000A\000D\000D\000R\000E\000S\000S\000\137\000O\000N\000L\000Y}{subsection.2.3.1}% 237
\BOOKMARK [3][-]{subsubsection.2.3.1.92}{\376\377\0002\000.\0003\000.\0001\000.\0009\0002\000\040\000N\000O\000D\000E\000\137\000B\000R\000O\000A\000D\000C\000A\000S\000T\000\137\000A\000D\000D\000R}{subsection.2.3.1}% 238
\BOOKMARK [3][-]{subsubsection.2.3.1.93}{\376\377\0002\000.\0003\000.\0001\000.\0009\0003\000\040\000N\000O\000R\000M\000A\000L\000\137\000S\000E\000N\000S\000\137\000B\000O\000O\000S\000T\000\137\000M\000O\000D\000E}{subsection.2.3.1}% 239
\BOOKMARK [3][-]{subsubsection.2.3.1.94}{\376\377\0002\000.\0003\000.\0001\000.\0009\0004\000\040\000O\000C\000P\000\137\000C\000U\000R\000R\000E\000N\000T\000\137\000C\000A\000L\000C}{subsection.2.3.1}% 240
\BOOKMARK [3][-]{subsubsection.2.3.1.95}{\376\377\0002\000.\0003\000.\0001\000.\0009\0005\000\040\000O\000C\000P\000O\000N}{subsection.2.3.1}% 241
\BOOKMARK [3][-]{subsubsection.2.3.1.96}{\376\377\0002\000.\0003\000.\0001\000.\0009\0006\000\040\000O\000O\000K\000T\000H\000R\000E\000S\000A\000V\000E\000R\000A\000G\000E}{subsection.2.3.1}% 242
\BOOKMARK [3][-]{subsubsection.2.3.1.97}{\376\377\0002\000.\0003\000.\0001\000.\0009\0007\000\040\000O\000O\000K\000T\000H\000R\000E\000S\000F\000I\000X\000E\000D}{subsection.2.3.1}% 243
\BOOKMARK [3][-]{subsubsection.2.3.1.98}{\376\377\0002\000.\0003\000.\0001\000.\0009\0008\000\040\000O\000O\000K\000T\000H\000R\000E\000S\000P\000E\000A\000K}{subsection.2.3.1}% 244
\BOOKMARK [3][-]{subsubsection.2.3.1.99}{\376\377\0002\000.\0003\000.\0001\000.\0009\0009\000\040\000O\000U\000T\000\137\000P\000O\000W\000E\000R\000\137\000C\000A\000L\000C}{subsection.2.3.1}% 245
\BOOKMARK [3][-]{subsubsection.2.3.1.100}{\376\377\0002\000.\0003\000.\0001\000.\0001\0000\0000\000\040\000P\000A\0000\000O\000N}{subsection.2.3.1}% 246
\BOOKMARK [3][-]{subsubsection.2.3.1.101}{\376\377\0002\000.\0003\000.\0001\000.\0001\0000\0001\000\040\000P\000A\0001\000\137\0001\0003\000D\000B\000M\000\137\000R\000X\000\137\000M\000O\000D\000E}{subsection.2.3.1}% 247
\BOOKMARK [3][-]{subsubsection.2.3.1.102}{\376\377\0002\000.\0003\000.\0001\000.\0001\0000\0002\000\040\000P\000A\0001\000\137\000N\000O\000R\000M\000A\000L\000\137\000R\000X\000\137\000M\000O\000D\000E}{subsection.2.3.1}% 248
\BOOKMARK [3][-]{subsubsection.2.3.1.103}{\376\377\0002\000.\0003\000.\0001\000.\0001\0000\0003\000\040\000P\000A\0001\000\137\000P\000A\0000\000\137\000O\000R\000\137\000R\000X}{subsection.2.3.1}% 249
\BOOKMARK [3][-]{subsubsection.2.3.1.104}{\376\377\0002\000.\0003\000.\0001\000.\0001\0000\0004\000\040\000P\000A\0001\000O\000N}{subsection.2.3.1}% 250
\BOOKMARK [3][-]{subsubsection.2.3.1.105}{\376\377\0002\000.\0003\000.\0001\000.\0001\0000\0005\000\040\000P\000A\0002\000\137\0001\0003\000D\000B\000M\000\137\000R\000X\000\137\000M\000O\000D\000E}{subsection.2.3.1}% 251
\BOOKMARK [3][-]{subsubsection.2.3.1.106}{\376\377\0002\000.\0003\000.\0001\000.\0001\0000\0006\000\040\000P\000A\0002\000\137\000N\000O\000R\000M\000A\000L\000\137\000R\000X\000\137\000M\000O\000D\000E}{subsection.2.3.1}% 252
\BOOKMARK [3][-]{subsubsection.2.3.1.107}{\376\377\0002\000.\0003\000.\0001\000.\0001\0000\0007\000\040\000P\000A\0002\000\137\000P\000A\0000\000\137\000O\000R\000\137\000R\000X}{subsection.2.3.1}% 253
\BOOKMARK [3][-]{subsubsection.2.3.1.108}{\376\377\0002\000.\0003\000.\0001\000.\0001\0000\0008\000\040\000P\000A\0002\000O\000N}{subsection.2.3.1}% 254
\BOOKMARK [3][-]{subsubsection.2.3.1.109}{\376\377\0002\000.\0003\000.\0001\000.\0001\0000\0009\000\040\000P\000A\000C\000K\000E\000T\000\137\000M\000O\000D\000E}{subsection.2.3.1}% 255
\BOOKMARK [3][-]{subsubsection.2.3.1.110}{\376\377\0002\000.\0003\000.\0001\000.\0001\0001\0000\000\040\000P\000A\000C\000K\000E\000T\000F\000O\000R\000M\000A\000T}{subsection.2.3.1}% 256
\BOOKMARK [3][-]{subsubsection.2.3.1.111}{\376\377\0002\000.\0003\000.\0001\000.\0001\0001\0001\000\040\000P\000A\000C\000K\000E\000T\000S\000E\000N\000T}{subsection.2.3.1}% 257
\BOOKMARK [3][-]{subsubsection.2.3.1.112}{\376\377\0002\000.\0003\000.\0001\000.\0001\0001\0002\000\040\000P\000A\000Y\000L\000O\000A\000D\000R\000E\000A\000D\000Y}{subsection.2.3.1}% 258
\BOOKMARK [3][-]{subsubsection.2.3.1.113}{\376\377\0002\000.\0003\000.\0001\000.\0001\0001\0003\000\040\000P\000L\000L\000L\000O\000C\000K}{subsection.2.3.1}% 259
\BOOKMARK [3][-]{subsubsection.2.3.1.114}{\376\377\0002\000.\0003\000.\0001\000.\0001\0001\0004\000\040\000R\000C\000C\000A\000L\000D\000O\000N\000E}{subsection.2.3.1}% 260
\BOOKMARK [3][-]{subsubsection.2.3.1.115}{\376\377\0002\000.\0003\000.\0001\000.\0001\0001\0005\000\040\000R\000C\000C\000A\000L\000S\000T\000A\000R\000T}{subsection.2.3.1}% 261
\BOOKMARK [3][-]{subsubsection.2.3.1.116}{\376\377\0002\000.\0003\000.\0001\000.\0001\0001\0006\000\040\000R\000E\000G\000A\000E\000S\000K\000E\000Y\0001}{subsection.2.3.1}% 262
\BOOKMARK [3][-]{subsubsection.2.3.1.117}{\376\377\0002\000.\0003\000.\0001\000.\0001\0001\0007\000\040\000R\000E\000G\000A\000E\000S\000K\000E\000Y\0001\0000}{subsection.2.3.1}% 263
\BOOKMARK [3][-]{subsubsection.2.3.1.118}{\376\377\0002\000.\0003\000.\0001\000.\0001\0001\0008\000\040\000R\000E\000G\000A\000E\000S\000K\000E\000Y\0001\0001}{subsection.2.3.1}% 264
\BOOKMARK [3][-]{subsubsection.2.3.1.119}{\376\377\0002\000.\0003\000.\0001\000.\0001\0001\0009\000\040\000R\000E\000G\000A\000E\000S\000K\000E\000Y\0001\0002}{subsection.2.3.1}% 265
\BOOKMARK [3][-]{subsubsection.2.3.1.120}{\376\377\0002\000.\0003\000.\0001\000.\0001\0002\0000\000\040\000R\000E\000G\000A\000E\000S\000K\000E\000Y\0001\0003}{subsection.2.3.1}% 266
\BOOKMARK [3][-]{subsubsection.2.3.1.121}{\376\377\0002\000.\0003\000.\0001\000.\0001\0002\0001\000\040\000R\000E\000G\000A\000E\000S\000K\000E\000Y\0001\0004}{subsection.2.3.1}% 267
\BOOKMARK [3][-]{subsubsection.2.3.1.122}{\376\377\0002\000.\0003\000.\0001\000.\0001\0002\0002\000\040\000R\000E\000G\000A\000E\000S\000K\000E\000Y\0001\0005}{subsection.2.3.1}% 268
\BOOKMARK [3][-]{subsubsection.2.3.1.123}{\376\377\0002\000.\0003\000.\0001\000.\0001\0002\0003\000\040\000R\000E\000G\000A\000E\000S\000K\000E\000Y\0001\0006}{subsection.2.3.1}% 269
\BOOKMARK [3][-]{subsubsection.2.3.1.124}{\376\377\0002\000.\0003\000.\0001\000.\0001\0002\0004\000\040\000R\000E\000G\000A\000E\000S\000K\000E\000Y\0002}{subsection.2.3.1}% 270
\BOOKMARK [3][-]{subsubsection.2.3.1.125}{\376\377\0002\000.\0003\000.\0001\000.\0001\0002\0005\000\040\000R\000E\000G\000A\000E\000S\000K\000E\000Y\0003}{subsection.2.3.1}% 271
\BOOKMARK [3][-]{subsubsection.2.3.1.126}{\376\377\0002\000.\0003\000.\0001\000.\0001\0002\0006\000\040\000R\000E\000G\000A\000E\000S\000K\000E\000Y\0004}{subsection.2.3.1}% 272
\BOOKMARK [3][-]{subsubsection.2.3.1.127}{\376\377\0002\000.\0003\000.\0001\000.\0001\0002\0007\000\040\000R\000E\000G\000A\000E\000S\000K\000E\000Y\0005}{subsection.2.3.1}% 273
\BOOKMARK [3][-]{subsubsection.2.3.1.128}{\376\377\0002\000.\0003\000.\0001\000.\0001\0002\0008\000\040\000R\000E\000G\000A\000E\000S\000K\000E\000Y\0006}{subsection.2.3.1}% 274
\BOOKMARK [3][-]{subsubsection.2.3.1.129}{\376\377\0002\000.\0003\000.\0001\000.\0001\0002\0009\000\040\000R\000E\000G\000A\000E\000S\000K\000E\000Y\0007}{subsection.2.3.1}% 275
\BOOKMARK [3][-]{subsubsection.2.3.1.130}{\376\377\0002\000.\0003\000.\0001\000.\0001\0003\0000\000\040\000R\000E\000G\000A\000E\000S\000K\000E\000Y\0008}{subsection.2.3.1}% 276
\BOOKMARK [3][-]{subsubsection.2.3.1.131}{\376\377\0002\000.\0003\000.\0001\000.\0001\0003\0001\000\040\000R\000E\000G\000A\000E\000S\000K\000E\000Y\0009}{subsection.2.3.1}% 277
\BOOKMARK [3][-]{subsubsection.2.3.1.132}{\376\377\0002\000.\0003\000.\0001\000.\0001\0003\0002\000\040\000R\000E\000G\000A\000F\000C\000B\000W}{subsection.2.3.1}% 278
\BOOKMARK [3][-]{subsubsection.2.3.1.133}{\376\377\0002\000.\0003\000.\0001\000.\0001\0003\0003\000\040\000R\000E\000G\000A\000F\000C\000C\000T\000R\000L}{subsection.2.3.1}% 279
\BOOKMARK [3][-]{subsubsection.2.3.1.134}{\376\377\0002\000.\0003\000.\0001\000.\0001\0003\0004\000\040\000R\000E\000G\000A\000F\000C\000F\000E\000I}{subsection.2.3.1}% 280
\BOOKMARK [3][-]{subsubsection.2.3.1.135}{\376\377\0002\000.\0003\000.\0001\000.\0001\0003\0005\000\040\000R\000E\000G\000A\000F\000C\000L\000S\000B}{subsection.2.3.1}% 281
\BOOKMARK [3][-]{subsubsection.2.3.1.136}{\376\377\0002\000.\0003\000.\0001\000.\0001\0003\0006\000\040\000R\000E\000G\000A\000F\000C\000M\000S\000B}{subsection.2.3.1}% 282
\BOOKMARK [3][-]{subsubsection.2.3.1.137}{\376\377\0002\000.\0003\000.\0001\000.\0001\0003\0007\000\040\000R\000E\000G\000A\000U\000T\000O\000M\000O\000D\000E\000S}{subsection.2.3.1}% 283
\BOOKMARK [3][-]{subsubsection.2.3.1.138}{\376\377\0002\000.\0003\000.\0001\000.\0001\0003\0008\000\040\000R\000E\000G\000B\000I\000T\000R\000A\000T\000E\000L\000S\000B}{subsection.2.3.1}% 284
\BOOKMARK [3][-]{subsubsection.2.3.1.139}{\376\377\0002\000.\0003\000.\0001\000.\0001\0003\0009\000\040\000R\000E\000G\000B\000I\000T\000R\000A\000T\000E\000M\000S\000B}{subsection.2.3.1}% 285
\BOOKMARK [3][-]{subsubsection.2.3.1.140}{\376\377\0002\000.\0003\000.\0001\000.\0001\0004\0000\000\040\000R\000E\000G\000B\000R\000O\000A\000D\000C\000A\000S\000T\000A\000D\000R\000S}{subsection.2.3.1}% 286
\BOOKMARK [3][-]{subsubsection.2.3.1.141}{\376\377\0002\000.\0003\000.\0001\000.\0001\0004\0001\000\040\000R\000E\000G\000D\000A\000T\000A\000M\000O\000D\000U\000L}{subsection.2.3.1}% 287
\BOOKMARK [3][-]{subsubsection.2.3.1.142}{\376\377\0002\000.\0003\000.\0001\000.\0001\0004\0002\000\040\000R\000E\000G\000D\000I\000O\000M\000A\000P\000P\000I\000N\000G\0001}{subsection.2.3.1}% 288
\BOOKMARK [3][-]{subsubsection.2.3.1.143}{\376\377\0002\000.\0003\000.\0001\000.\0001\0004\0003\000\040\000R\000E\000G\000D\000I\000O\000M\000A\000P\000P\000I\000N\000G\0002}{subsection.2.3.1}% 289
\BOOKMARK [3][-]{subsubsection.2.3.1.144}{\376\377\0002\000.\0003\000.\0001\000.\0001\0004\0004\000\040\000R\000E\000G\000F\000D\000E\000V\000L\000S\000B}{subsection.2.3.1}% 290
\BOOKMARK [3][-]{subsubsection.2.3.1.145}{\376\377\0002\000.\0003\000.\0001\000.\0001\0004\0005\000\040\000R\000E\000G\000F\000D\000E\000V\000M\000S\000B}{subsection.2.3.1}% 291
\BOOKMARK [3][-]{subsubsection.2.3.1.146}{\376\377\0002\000.\0003\000.\0001\000.\0001\0004\0006\000\040\000R\000E\000G\000F\000E\000I\000L\000S\000B}{subsection.2.3.1}% 292
\BOOKMARK [3][-]{subsubsection.2.3.1.147}{\376\377\0002\000.\0003\000.\0001\000.\0001\0004\0007\000\040\000R\000E\000G\000F\000E\000I\000M\000S\000B}{subsection.2.3.1}% 293
\BOOKMARK [3][-]{subsubsection.2.3.1.148}{\376\377\0002\000.\0003\000.\0001\000.\0001\0004\0008\000\040\000R\000E\000G\000F\000I\000F\000O}{subsection.2.3.1}% 294
\BOOKMARK [3][-]{subsubsection.2.3.1.149}{\376\377\0002\000.\0003\000.\0001\000.\0001\0004\0009\000\040\000R\000E\000G\000F\000I\000F\000O\000T\000H\000R\000E\000S}{subsection.2.3.1}% 295
\BOOKMARK [3][-]{subsubsection.2.3.1.150}{\376\377\0002\000.\0003\000.\0001\000.\0001\0005\0000\000\040\000R\000E\000G\000F\000R\000F\000L\000S\000B}{subsection.2.3.1}% 296
\BOOKMARK [3][-]{subsubsection.2.3.1.151}{\376\377\0002\000.\0003\000.\0001\000.\0001\0005\0001\000\040\000R\000E\000G\000F\000R\000F\000M\000I\000D}{subsection.2.3.1}% 297
\BOOKMARK [3][-]{subsubsection.2.3.1.152}{\376\377\0002\000.\0003\000.\0001\000.\0001\0005\0002\000\040\000R\000E\000G\000F\000R\000F\000M\000S\000B}{subsection.2.3.1}% 298
\BOOKMARK [3][-]{subsubsection.2.3.1.153}{\376\377\0002\000.\0003\000.\0001\000.\0001\0005\0003\000\040\000R\000E\000G\000I\000R\000Q\000F\000L\000A\000G\000S\0001}{subsection.2.3.1}% 299
\BOOKMARK [3][-]{subsubsection.2.3.1.154}{\376\377\0002\000.\0003\000.\0001\000.\0001\0005\0004\000\040\000R\000E\000G\000I\000R\000Q\000F\000L\000A\000G\000S\0002}{subsection.2.3.1}% 300
\BOOKMARK [3][-]{subsubsection.2.3.1.155}{\376\377\0002\000.\0003\000.\0001\000.\0001\0005\0005\000\040\000R\000E\000G\000L\000I\000S\000T\000E\000N\0001}{subsection.2.3.1}% 301
\BOOKMARK [3][-]{subsubsection.2.3.1.156}{\376\377\0002\000.\0003\000.\0001\000.\0001\0005\0006\000\040\000R\000E\000G\000L\000I\000S\000T\000E\000N\0002}{subsection.2.3.1}% 302
\BOOKMARK [3][-]{subsubsection.2.3.1.157}{\376\377\0002\000.\0003\000.\0001\000.\0001\0005\0007\000\040\000R\000E\000G\000L\000I\000S\000T\000E\000N\0003}{subsection.2.3.1}% 303
\BOOKMARK [3][-]{subsubsection.2.3.1.158}{\376\377\0002\000.\0003\000.\0001\000.\0001\0005\0008\000\040\000R\000E\000G\000L\000N\000A}{subsection.2.3.1}% 304
\BOOKMARK [3][-]{subsubsection.2.3.1.159}{\376\377\0002\000.\0003\000.\0001\000.\0001\0005\0009\000\040\000R\000E\000G\000N\000O\000D\000E\000A\000D\000R\000S}{subsection.2.3.1}% 305
\BOOKMARK [3][-]{subsubsection.2.3.1.160}{\376\377\0002\000.\0003\000.\0001\000.\0001\0006\0000\000\040\000R\000E\000G\000O\000C\000P}{subsection.2.3.1}% 306
\BOOKMARK [3][-]{subsubsection.2.3.1.161}{\376\377\0002\000.\0003\000.\0001\000.\0001\0006\0001\000\040\000R\000E\000G\000O\000O\000K\000A\000V\000G}{subsection.2.3.1}% 307
\BOOKMARK [3][-]{subsubsection.2.3.1.162}{\376\377\0002\000.\0003\000.\0001\000.\0001\0006\0002\000\040\000R\000E\000G\000O\000O\000K\000F\000I\000X}{subsection.2.3.1}% 308
\BOOKMARK [3][-]{subsubsection.2.3.1.163}{\376\377\0002\000.\0003\000.\0001\000.\0001\0006\0003\000\040\000R\000E\000G\000O\000O\000K\000P\000E\000A\000K}{subsection.2.3.1}% 309
\BOOKMARK [3][-]{subsubsection.2.3.1.164}{\376\377\0002\000.\0003\000.\0001\000.\0001\0006\0004\000\040\000R\000E\000G\000O\000P\000M\000O\000D\000E}{subsection.2.3.1}% 310
\BOOKMARK [3][-]{subsubsection.2.3.1.165}{\376\377\0002\000.\0003\000.\0001\000.\0001\0006\0005\000\040\000R\000E\000G\000O\000S\000C\0001}{subsection.2.3.1}% 311
\BOOKMARK [3][-]{subsubsection.2.3.1.166}{\376\377\0002\000.\0003\000.\0001\000.\0001\0006\0006\000\040\000R\000E\000G\000P\000A\000C\000K\000E\000T\000C\000O\000N\000F\000I\000G\0001}{subsection.2.3.1}% 312
\BOOKMARK [3][-]{subsubsection.2.3.1.167}{\376\377\0002\000.\0003\000.\0001\000.\0001\0006\0007\000\040\000R\000E\000G\000P\000A\000C\000K\000E\000T\000C\000O\000N\000F\000I\000G\0002}{subsection.2.3.1}% 313
\BOOKMARK [3][-]{subsubsection.2.3.1.168}{\376\377\0002\000.\0003\000.\0001\000.\0001\0006\0008\000\040\000R\000E\000G\000P\000A\000L\000E\000V\000E\000L}{subsection.2.3.1}% 314
\BOOKMARK [3][-]{subsubsection.2.3.1.169}{\376\377\0002\000.\0003\000.\0001\000.\0001\0006\0009\000\040\000R\000E\000G\000P\000A\000R\000A\000M\000P}{subsection.2.3.1}% 315
\BOOKMARK [3][-]{subsubsection.2.3.1.170}{\376\377\0002\000.\0003\000.\0001\000.\0001\0007\0000\000\040\000R\000E\000G\000P\000A\000Y\000L\000O\000A\000D\000L\000E\000N\000G\000H\000T}{subsection.2.3.1}% 316
\BOOKMARK [3][-]{subsubsection.2.3.1.171}{\376\377\0002\000.\0003\000.\0001\000.\0001\0007\0001\000\040\000R\000E\000G\000P\000R\000E\000A\000M\000B\000L\000E\000L\000S\000B}{subsection.2.3.1}% 317
\BOOKMARK [3][-]{subsubsection.2.3.1.172}{\376\377\0002\000.\0003\000.\0001\000.\0001\0007\0002\000\040\000R\000E\000G\000P\000R\000E\000A\000M\000B\000L\000E\000M\000S\000B}{subsection.2.3.1}% 318
\BOOKMARK [3][-]{subsubsection.2.3.1.173}{\376\377\0002\000.\0003\000.\0001\000.\0001\0007\0003\000\040\000R\000E\000G\000R\000S\000S\000I\000C\000O\000N\000F\000I\000G}{subsection.2.3.1}% 319
\BOOKMARK [3][-]{subsubsection.2.3.1.174}{\376\377\0002\000.\0003\000.\0001\000.\0001\0007\0004\000\040\000R\000E\000G\000R\000S\000S\000I\000T\000H\000R\000E\000S\000H}{subsection.2.3.1}% 320
\BOOKMARK [3][-]{subsubsection.2.3.1.175}{\376\377\0002\000.\0003\000.\0001\000.\0001\0007\0005\000\040\000R\000E\000G\000R\000S\000S\000I\000V\000A\000L\000U\000E}{subsection.2.3.1}% 321
\BOOKMARK [3][-]{subsubsection.2.3.1.176}{\376\377\0002\000.\0003\000.\0001\000.\0001\0007\0006\000\040\000R\000E\000G\000R\000X\000B\000W}{subsection.2.3.1}% 322
\BOOKMARK [3][-]{subsubsection.2.3.1.177}{\376\377\0002\000.\0003\000.\0001\000.\0001\0007\0007\000\040\000R\000E\000G\000R\000X\000T\000I\000M\000E\000O\000U\000T\0001}{subsection.2.3.1}% 323
\BOOKMARK [3][-]{subsubsection.2.3.1.178}{\376\377\0002\000.\0003\000.\0001\000.\0001\0007\0008\000\040\000R\000E\000G\000R\000X\000T\000I\000M\000E\000O\000U\000T\0002}{subsection.2.3.1}% 324
\BOOKMARK [3][-]{subsubsection.2.3.1.179}{\376\377\0002\000.\0003\000.\0001\000.\0001\0007\0009\000\040\000R\000E\000G\000S\000Y\000N\000C\000C\000O\000N\000F\000I\000G}{subsection.2.3.1}% 325
\BOOKMARK [3][-]{subsubsection.2.3.1.180}{\376\377\0002\000.\0003\000.\0001\000.\0001\0008\0000\000\040\000R\000E\000G\000S\000Y\000N\000C\000V\000A\000L\000U\000E\0001}{subsection.2.3.1}% 326
\BOOKMARK [3][-]{subsubsection.2.3.1.181}{\376\377\0002\000.\0003\000.\0001\000.\0001\0008\0001\000\040\000R\000E\000G\000S\000Y\000N\000C\000V\000A\000L\000U\000E\0002}{subsection.2.3.1}% 327
\BOOKMARK [3][-]{subsubsection.2.3.1.182}{\376\377\0002\000.\0003\000.\0001\000.\0001\0008\0002\000\040\000R\000E\000G\000S\000Y\000N\000C\000V\000A\000L\000U\000E\0003}{subsection.2.3.1}% 328
\BOOKMARK [3][-]{subsubsection.2.3.1.183}{\376\377\0002\000.\0003\000.\0001\000.\0001\0008\0003\000\040\000R\000E\000G\000S\000Y\000N\000C\000V\000A\000L\000U\000E\0004}{subsection.2.3.1}% 329
\BOOKMARK [3][-]{subsubsection.2.3.1.184}{\376\377\0002\000.\0003\000.\0001\000.\0001\0008\0004\000\040\000R\000E\000G\000S\000Y\000N\000C\000V\000A\000L\000U\000E\0005}{subsection.2.3.1}% 330
\BOOKMARK [3][-]{subsubsection.2.3.1.185}{\376\377\0002\000.\0003\000.\0001\000.\0001\0008\0005\000\040\000R\000E\000G\000S\000Y\000N\000C\000V\000A\000L\000U\000E\0006}{subsection.2.3.1}% 331
\BOOKMARK [3][-]{subsubsection.2.3.1.186}{\376\377\0002\000.\0003\000.\0001\000.\0001\0008\0006\000\040\000R\000E\000G\000S\000Y\000N\000C\000V\000A\000L\000U\000E\0007}{subsection.2.3.1}% 332
\BOOKMARK [3][-]{subsubsection.2.3.1.187}{\376\377\0002\000.\0003\000.\0001\000.\0001\0008\0007\000\040\000R\000E\000G\000S\000Y\000N\000C\000V\000A\000L\000U\000E\0008}{subsection.2.3.1}% 333
\BOOKMARK [3][-]{subsubsection.2.3.1.188}{\376\377\0002\000.\0003\000.\0001\000.\0001\0008\0008\000\040\000R\000E\000G\000T\000E\000M\000P\0001}{subsection.2.3.1}% 334
\BOOKMARK [3][-]{subsubsection.2.3.1.189}{\376\377\0002\000.\0003\000.\0001\000.\0001\0008\0009\000\040\000R\000E\000G\000T\000E\000M\000P\0002}{subsection.2.3.1}% 335
\BOOKMARK [3][-]{subsubsection.2.3.1.190}{\376\377\0002\000.\0003\000.\0001\000.\0001\0009\0000\000\040\000R\000E\000G\000T\000E\000S\000T\000A\000F\000C}{subsection.2.3.1}% 336
\BOOKMARK [3][-]{subsubsection.2.3.1.191}{\376\377\0002\000.\0003\000.\0001\000.\0001\0009\0001\000\040\000R\000E\000G\000T\000E\000S\000T\000D\000A\000G\000C}{subsection.2.3.1}% 337
\BOOKMARK [3][-]{subsubsection.2.3.1.192}{\376\377\0002\000.\0003\000.\0001\000.\0001\0009\0002\000\040\000R\000E\000G\000T\000E\000S\000T\000P\000A\0001}{subsection.2.3.1}% 338
\BOOKMARK [3][-]{subsubsection.2.3.1.193}{\376\377\0002\000.\0003\000.\0001\000.\0001\0009\0003\000\040\000R\000E\000G\000T\000E\000S\000T\000P\000A\0002}{subsection.2.3.1}% 339
\BOOKMARK [3][-]{subsubsection.2.3.1.194}{\376\377\0002\000.\0003\000.\0001\000.\0001\0009\0004\000\040\000R\000E\000G\000V\000E\000R\000S\000I\000O\000N}{subsection.2.3.1}% 340
\BOOKMARK [3][-]{subsubsection.2.3.1.195}{\376\377\0002\000.\0003\000.\0001\000.\0001\0009\0005\000\040\000R\000E\000S\000T\000A\000R\000T\000R\000X}{subsection.2.3.1}% 341
\BOOKMARK [3][-]{subsubsection.2.3.1.196}{\376\377\0002\000.\0003\000.\0001\000.\0001\0009\0006\000\040\000R\000E\000T\000E\000S\000T\000L\000N\000A}{subsection.2.3.1}% 342
\BOOKMARK [3][-]{subsubsection.2.3.1.197}{\376\377\0002\000.\0003\000.\0001\000.\0001\0009\0007\000\040\000R\000S\000S\000I\000\137\000I}{subsection.2.3.1}% 343
\BOOKMARK [3][-]{subsubsection.2.3.1.198}{\376\377\0002\000.\0003\000.\0001\000.\0001\0009\0008\000\040\000R\000S\000S\000I\000\137\000T\000H\000R\000E\000S\000H\000\137\000C\000A\000L\000C}{subsection.2.3.1}% 344
\BOOKMARK [3][-]{subsubsection.2.3.1.199}{\376\377\0002\000.\0003\000.\0001\000.\0001\0009\0009\000\040\000R\000S\000S\000I\000\137\000V\000A\000L\000U\000E}{subsection.2.3.1}% 345
\BOOKMARK [3][-]{subsubsection.2.3.1.200}{\376\377\0002\000.\0003\000.\0001\000.\0002\0000\0000\000\040\000R\000S\000S\000I\000D\000O\000N\000E}{subsection.2.3.1}% 346
\BOOKMARK [3][-]{subsubsection.2.3.1.201}{\376\377\0002\000.\0003\000.\0001\000.\0002\0000\0001\000\040\000R\000S\000S\000I\000S\000T\000A\000R\000T}{subsection.2.3.1}% 347
\BOOKMARK [3][-]{subsubsection.2.3.1.202}{\376\377\0002\000.\0003\000.\0001\000.\0002\0000\0002\000\040\000R\000X\000\137\000M\000O\000D\000E}{subsection.2.3.1}% 348
\BOOKMARK [3][-]{subsubsection.2.3.1.203}{\376\377\0002\000.\0003\000.\0001\000.\0002\0000\0003\000\040\000R\000X\000R\000E\000A\000D\000Y}{subsection.2.3.1}% 349
\BOOKMARK [3][-]{subsubsection.2.3.1.204}{\376\377\0002\000.\0003\000.\0001\000.\0002\0000\0004\000\040\000S\000E\000Q\000U\000E\000N\000C\000E\000R\000O\000F\000F}{subsection.2.3.1}% 350
\BOOKMARK [3][-]{subsubsection.2.3.1.205}{\376\377\0002\000.\0003\000.\0001\000.\0002\0000\0005\000\040\000S\000L\000E\000E\000P\000\137\000M\000O\000D\000E}{subsection.2.3.1}% 351
\BOOKMARK [3][-]{subsubsection.2.3.1.206}{\376\377\0002\000.\0003\000.\0001\000.\0002\0000\0006\000\040\000S\000T\000B\000Y\000\137\000M\000O\000D\000E}{subsection.2.3.1}% 352
\BOOKMARK [3][-]{subsubsection.2.3.1.207}{\376\377\0002\000.\0003\000.\0001\000.\0002\0000\0007\000\040\000S\000Y\000N\000C\000\137\000W\000O\000R\000D\000\137\000O\000N}{subsection.2.3.1}% 353
\BOOKMARK [3][-]{subsubsection.2.3.1.208}{\376\377\0002\000.\0003\000.\0001\000.\0002\0000\0008\000\040\000S\000Y\000N\000C\000A\000D\000D\000R\000M\000A\000T\000C\000H}{subsection.2.3.1}% 354
\BOOKMARK [3][-]{subsubsection.2.3.1.209}{\376\377\0002\000.\0003\000.\0001\000.\0002\0000\0009\000\040\000S\000Y\000N\000C\000O\000N}{subsection.2.3.1}% 355
\BOOKMARK [3][-]{subsubsection.2.3.1.210}{\376\377\0002\000.\0003\000.\0001\000.\0002\0001\0000\000\040\000S\000Y\000N\000C\000S\000I\000Z\000E\000\137\000C\000A\000L\000C}{subsection.2.3.1}% 356
\BOOKMARK [3][-]{subsubsection.2.3.1.211}{\376\377\0002\000.\0003\000.\0001\000.\0002\0001\0001\000\040\000T\000E\000M\000P\000M\000E\000A\000S\000R\000U\000N\000N\000I\000N\000G}{subsection.2.3.1}% 357
\BOOKMARK [3][-]{subsubsection.2.3.1.212}{\376\377\0002\000.\0003\000.\0001\000.\0002\0001\0002\000\040\000T\000E\000M\000P\000M\000E\000A\000S\000S\000T\000A\000R\000T}{subsection.2.3.1}% 358
\BOOKMARK [3][-]{subsubsection.2.3.1.213}{\376\377\0002\000.\0003\000.\0001\000.\0002\0001\0003\000\040\000T\000I\000M\000E\000O\000U\000T}{subsection.2.3.1}% 359
\BOOKMARK [3][-]{subsubsection.2.3.1.214}{\376\377\0002\000.\0003\000.\0001\000.\0002\0001\0004\000\040\000T\000X\000\137\000M\000O\000D\000E}{subsection.2.3.1}% 360
\BOOKMARK [3][-]{subsubsection.2.3.1.215}{\376\377\0002\000.\0003\000.\0001\000.\0002\0001\0005\000\040\000T\000X\000R\000E\000A\000D\000Y}{subsection.2.3.1}% 361
\BOOKMARK [3][-]{subsubsection.2.3.1.216}{\376\377\0002\000.\0003\000.\0001\000.\0002\0001\0006\000\040\000T\000X\000S\000T\000A\000R\000T\000C\000O\000N\000D}{subsection.2.3.1}% 362
\BOOKMARK [1][-]{section.2.4}{\376\377\0002\000.\0004\000\040\004\044\004\060\004\071\004\073\000\040\000r\000f\000m\0006\0009\000\137\000t\000a\000b\000l\000e\000.\000h}{chapter.2}% 363
\BOOKMARK [2][-]{subsection.2.4.1}{\376\377\0002\000.\0004\000.\0001\000\040\004\034\004\060\004\072\004\100\004\076\004\101\004\113}{section.2.4}% 364
\BOOKMARK [3][-]{subsubsection.2.4.1.1}{\376\377\0002\000.\0004\000.\0001\000.\0001\000\040\000C\000U\000T\000\137\000O\000F\000F\000\137\000F\000R\000E\000Q\000\137\000A\000F\000C\000\137\000M\0001\0000\0000}{subsection.2.4.1}% 365
\BOOKMARK [3][-]{subsubsection.2.4.1.2}{\376\377\0002\000.\0004\000.\0001\000.\0002\000\040\000C\000U\000T\000\137\000O\000F\000F\000\137\000F\000R\000E\000Q\000\137\000M\0001\0000\0000}{subsection.2.4.1}% 366
\BOOKMARK [3][-]{subsubsection.2.4.1.3}{\376\377\0002\000.\0004\000.\0001\000.\0003\000\040\000I\000N\000T\000E\000R\000P\000A\000C\000K\000E\000T\000R\000X\000D\000E\000L\000A\000Y}{subsection.2.4.1}% 367
\BOOKMARK [3][-]{subsubsection.2.4.1.4}{\376\377\0002\000.\0004\000.\0001\000.\0004\000\040\000O\000O\000K\000\137\000P\000E\000A\000K\000\137\000T\000H\000R\000E\000S\000H\000\137\000D\000E\000C\000\137\000M\0001\0000\0000}{subsection.2.4.1}% 368
\BOOKMARK [3][-]{subsubsection.2.4.1.5}{\376\377\0002\000.\0004\000.\0001\000.\0005\000\040\000O\000O\000K\000\137\000P\000E\000A\000K\000\137\000T\000H\000R\000E\000S\000H\000\137\000S\000T\000E\000P\000\137\000M\0001\0000}{subsection.2.4.1}% 369
\BOOKMARK [3][-]{subsubsection.2.4.1.6}{\376\377\0002\000.\0004\000.\0001\000.\0006\000\040\000P\000A\000R\000A\000M\000P}{subsection.2.4.1}% 370
\BOOKMARK [3][-]{subsubsection.2.4.1.7}{\376\377\0002\000.\0004\000.\0001\000.\0007\000\040\000R\000X\000\137\000B\000W\000\137\000A\000F\000C\000\137\000M\0001\0000}{subsection.2.4.1}% 371
\BOOKMARK [3][-]{subsubsection.2.4.1.8}{\376\377\0002\000.\0004\000.\0001\000.\0008\000\040\000R\000X\000\137\000B\000W\000\137\000M\0001\0000}{subsection.2.4.1}% 372
\BOOKMARK [3][-]{subsubsection.2.4.1.9}{\376\377\0002\000.\0004\000.\0001\000.\0009\000\040\000R\000X\000B\000W}{subsection.2.4.1}% 373
